{"/Users/kartikeyagrawal/Desktop/nivo/hostelmate/apps/server/src/config/geofence.js": {"path":"/Users/kartikeyagrawal/Desktop/nivo/hostelmate/apps/server/src/config/geofence.js","statementMap":{"0":{"start":{"line":2,"column":0},"end":{"line":2,"column":15}},"1":{"start":{"line":5,"column":12},"end":{"line":5,"column":18}},"2":{"start":{"line":6,"column":13},"end":{"line":6,"column":31}},"3":{"start":{"line":7,"column":13},"end":{"line":7,"column":31}},"4":{"start":{"line":8,"column":13},"end":{"line":8,"column":38}},"5":{"start":{"line":9,"column":13},"end":{"line":9,"column":38}},"6":{"start":{"line":11,"column":12},"end":{"line":13,"column":41}},"7":{"start":{"line":14,"column":12},"end":{"line":14,"column":56}},"8":{"start":{"line":16,"column":2},"end":{"line":16,"column":14}},"9":{"start":{"line":20,"column":19},"end":{"line":20,"column":82}},"10":{"start":{"line":21,"column":2},"end":{"line":24,"column":3}}},"fnMap":{"0":{"name":"calculateDistance","decl":{"start":{"line":4,"column":16},"end":{"line":4,"column":33}},"loc":{"start":{"line":4,"column":58},"end":{"line":17,"column":1}},"line":4},"1":{"name":"isWithinGeofence","decl":{"start":{"line":19,"column":16},"end":{"line":19,"column":32}},"loc":{"start":{"line":19,"column":199},"end":{"line":25,"column":1}},"line":19}},"branchMap":{"0":{"loc":{"start":{"line":19,"column":57},"end":{"line":19,"column":116}},"type":"default-arg","locations":[{"start":{"line":19,"column":69},"end":{"line":19,"column":116}}],"line":19},"1":{"loc":{"start":{"line":19,"column":80},"end":{"line":19,"column":115}},"type":"binary-expr","locations":[{"start":{"line":19,"column":80},"end":{"line":19,"column":102}},{"start":{"line":19,"column":106},"end":{"line":19,"column":115}}],"line":19},"2":{"loc":{"start":{"line":19,"column":118},"end":{"line":19,"column":177}},"type":"default-arg","locations":[{"start":{"line":19,"column":130},"end":{"line":19,"column":177}}],"line":19},"3":{"loc":{"start":{"line":19,"column":141},"end":{"line":19,"column":176}},"type":"binary-expr","locations":[{"start":{"line":19,"column":141},"end":{"line":19,"column":163}},{"start":{"line":19,"column":167},"end":{"line":19,"column":176}}],"line":19},"4":{"loc":{"start":{"line":19,"column":179},"end":{"line":19,"column":197}},"type":"default-arg","locations":[{"start":{"line":19,"column":194},"end":{"line":19,"column":197}}],"line":19}},"s":{"0":14,"1":8,"2":8,"3":8,"4":8,"5":8,"6":8,"7":8,"8":8,"9":4,"10":4},"f":{"0":8,"1":4},"b":{"0":[0],"1":[0,0],"2":[0],"3":[0,0],"4":[3]},"inputSourceMap":null,"_coverageSchema":"1a1c01bbd47fc00a2c39e90264f33305004495a9","hash":"9620b2c028d03120c8a698af0b03c6d61289861d"}
,"/Users/kartikeyagrawal/Desktop/nivo/hostelmate/apps/server/src/config/matcher.js": {"path":"/Users/kartikeyagrawal/Desktop/nivo/hostelmate/apps/server/src/config/matcher.js","statementMap":{"0":{"start":{"line":2,"column":2},"end":{"line":2,"column":22}},"1":{"start":{"line":2,"column":13},"end":{"line":2,"column":22}},"2":{"start":{"line":4,"column":20},"end":{"line":8,"column":4}},"3":{"start":{"line":11,"column":16},"end":{"line":11,"column":89}},"4":{"start":{"line":14,"column":19},"end":{"line":23,"column":6}},"5":{"start":{"line":15,"column":20},"end":{"line":15,"column":59}},"6":{"start":{"line":17,"column":6},"end":{"line":17,"column":63}},"7":{"start":{"line":17,"column":32},"end":{"line":17,"column":63}},"8":{"start":{"line":18,"column":6},"end":{"line":18,"column":56}},"9":{"start":{"line":18,"column":31},"end":{"line":18,"column":56}},"10":{"start":{"line":19,"column":6},"end":{"line":19,"column":79}},"11":{"start":{"line":19,"column":54},"end":{"line":19,"column":79}},"12":{"start":{"line":20,"column":6},"end":{"line":20,"column":57}},"13":{"start":{"line":20,"column":32},"end":{"line":20,"column":57}},"14":{"start":{"line":21,"column":6},"end":{"line":21,"column":56}},"15":{"start":{"line":21,"column":31},"end":{"line":21,"column":56}},"16":{"start":{"line":22,"column":6},"end":{"line":22,"column":18}},"17":{"start":{"line":26,"column":2},"end":{"line":26,"column":31}},"18":{"start":{"line":30,"column":2},"end":{"line":30,"column":64}},"19":{"start":{"line":30,"column":56},"end":{"line":30,"column":64}},"20":{"start":{"line":32,"column":15},"end":{"line":32,"column":33}},"21":{"start":{"line":33,"column":15},"end":{"line":33,"column":33}},"22":{"start":{"line":36,"column":23},"end":{"line":36,"column":32}},"23":{"start":{"line":38,"column":2},"end":{"line":45,"column":3}},"24":{"start":{"line":39,"column":4},"end":{"line":44,"column":5}},"25":{"start":{"line":40,"column":6},"end":{"line":43,"column":7}},"26":{"start":{"line":41,"column":8},"end":{"line":41,"column":28}},"27":{"start":{"line":42,"column":8},"end":{"line":42,"column":28}},"28":{"start":{"line":47,"column":16},"end":{"line":47,"column":43}},"29":{"start":{"line":50,"column":2},"end":{"line":50,"column":62}},"30":{"start":{"line":54,"column":22},"end":{"line":54,"column":84}},"31":{"start":{"line":56,"column":25},"end":{"line":56,"column":69}},"32":{"start":{"line":58,"column":18},"end":{"line":58,"column":20}},"33":{"start":{"line":60,"column":2},"end":{"line":69,"column":3}},"34":{"start":{"line":61,"column":4},"end":{"line":68,"column":5}},"35":{"start":{"line":62,"column":31},"end":{"line":62,"column":87}},"36":{"start":{"line":63,"column":20},"end":{"line":63,"column":70}},"37":{"start":{"line":65,"column":6},"end":{"line":67,"column":7}},"38":{"start":{"line":66,"column":8},"end":{"line":66,"column":37}},"39":{"start":{"line":72,"column":2},"end":{"line":72,"column":50}},"40":{"start":{"line":72,"column":32},"end":{"line":72,"column":49}}},"fnMap":{"0":{"name":"extractKeywords","decl":{"start":{"line":1,"column":16},"end":{"line":1,"column":31}},"loc":{"start":{"line":1,"column":38},"end":{"line":27,"column":1}},"line":1},"1":{"name":"(anonymous_1)","decl":{"start":{"line":15,"column":12},"end":{"line":15,"column":13}},"loc":{"start":{"line":15,"column":20},"end":{"line":15,"column":59}},"line":15},"2":{"name":"(anonymous_2)","decl":{"start":{"line":16,"column":9},"end":{"line":16,"column":10}},"loc":{"start":{"line":16,"column":17},"end":{"line":23,"column":5}},"line":16},"3":{"name":"calculateSimilarity","decl":{"start":{"line":29,"column":16},"end":{"line":29,"column":35}},"loc":{"start":{"line":29,"column":58},"end":{"line":51,"column":1}},"line":29},"4":{"name":"findMatches","decl":{"start":{"line":53,"column":16},"end":{"line":53,"column":27}},"loc":{"start":{"line":53,"column":70},"end":{"line":73,"column":1}},"line":53},"5":{"name":"(anonymous_5)","decl":{"start":{"line":72,"column":22},"end":{"line":72,"column":23}},"loc":{"start":{"line":72,"column":32},"end":{"line":72,"column":49}},"line":72}},"branchMap":{"0":{"loc":{"start":{"line":2,"column":2},"end":{"line":2,"column":22}},"type":"if","locations":[{"start":{"line":2,"column":2},"end":{"line":2,"column":22}},{"start":{},"end":{}}],"line":2},"1":{"loc":{"start":{"line":15,"column":20},"end":{"line":15,"column":59}},"type":"binary-expr","locations":[{"start":{"line":15,"column":20},"end":{"line":15,"column":35}},{"start":{"line":15,"column":39},"end":{"line":15,"column":59}}],"line":15},"2":{"loc":{"start":{"line":17,"column":6},"end":{"line":17,"column":63}},"type":"if","locations":[{"start":{"line":17,"column":6},"end":{"line":17,"column":63}},{"start":{},"end":{}}],"line":17},"3":{"loc":{"start":{"line":18,"column":6},"end":{"line":18,"column":56}},"type":"if","locations":[{"start":{"line":18,"column":6},"end":{"line":18,"column":56}},{"start":{},"end":{}}],"line":18},"4":{"loc":{"start":{"line":19,"column":6},"end":{"line":19,"column":79}},"type":"if","locations":[{"start":{"line":19,"column":6},"end":{"line":19,"column":79}},{"start":{},"end":{}}],"line":19},"5":{"loc":{"start":{"line":19,"column":10},"end":{"line":19,"column":52}},"type":"binary-expr","locations":[{"start":{"line":19,"column":10},"end":{"line":19,"column":28}},{"start":{"line":19,"column":32},"end":{"line":19,"column":52}}],"line":19},"6":{"loc":{"start":{"line":20,"column":6},"end":{"line":20,"column":57}},"type":"if","locations":[{"start":{"line":20,"column":6},"end":{"line":20,"column":57}},{"start":{},"end":{}}],"line":20},"7":{"loc":{"start":{"line":21,"column":6},"end":{"line":21,"column":56}},"type":"if","locations":[{"start":{"line":21,"column":6},"end":{"line":21,"column":56}},{"start":{},"end":{}}],"line":21},"8":{"loc":{"start":{"line":30,"column":2},"end":{"line":30,"column":64}},"type":"if","locations":[{"start":{"line":30,"column":2},"end":{"line":30,"column":64}},{"start":{},"end":{}}],"line":30},"9":{"loc":{"start":{"line":30,"column":6},"end":{"line":30,"column":54}},"type":"binary-expr","locations":[{"start":{"line":30,"column":6},"end":{"line":30,"column":28}},{"start":{"line":30,"column":32},"end":{"line":30,"column":54}}],"line":30},"10":{"loc":{"start":{"line":40,"column":6},"end":{"line":43,"column":7}},"type":"if","locations":[{"start":{"line":40,"column":6},"end":{"line":43,"column":7}},{"start":{},"end":{}}],"line":40},"11":{"loc":{"start":{"line":40,"column":10},"end":{"line":40,"column":57}},"type":"binary-expr","locations":[{"start":{"line":40,"column":10},"end":{"line":40,"column":19}},{"start":{"line":40,"column":23},"end":{"line":40,"column":38}},{"start":{"line":40,"column":42},"end":{"line":40,"column":57}}],"line":40},"12":{"loc":{"start":{"line":53,"column":52},"end":{"line":53,"column":68}},"type":"default-arg","locations":[{"start":{"line":53,"column":64},"end":{"line":53,"column":68}}],"line":53},"13":{"loc":{"start":{"line":56,"column":25},"end":{"line":56,"column":69}},"type":"cond-expr","locations":[{"start":{"line":56,"column":53},"end":{"line":56,"column":60}},{"start":{"line":56,"column":63},"end":{"line":56,"column":69}}],"line":56},"14":{"loc":{"start":{"line":61,"column":4},"end":{"line":68,"column":5}},"type":"if","locations":[{"start":{"line":61,"column":4},"end":{"line":68,"column":5}},{"start":{},"end":{}}],"line":61},"15":{"loc":{"start":{"line":65,"column":6},"end":{"line":67,"column":7}},"type":"if","locations":[{"start":{"line":65,"column":6},"end":{"line":67,"column":7}},{"start":{},"end":{}}],"line":65}},"s":{"0":21,"1":1,"2":20,"3":20,"4":20,"5":73,"6":54,"7":0,"8":54,"9":0,"10":54,"11":7,"12":47,"13":0,"14":47,"15":2,"16":45,"17":20,"18":14,"19":0,"20":14,"21":14,"22":14,"23":14,"24":34,"25":85,"26":16,"27":16,"28":14,"29":14,"30":6,"31":6,"32":6,"33":6,"34":15,"35":11,"36":11,"37":11,"38":6,"39":6,"40":1},"f":{"0":21,"1":73,"2":54,"3":14,"4":6,"5":1},"b":{"0":[1,20],"1":[73,62],"2":[0,54],"3":[0,54],"4":[7,47],"5":[54,11],"6":[0,47],"7":[2,45],"8":[0,14],"9":[14,14],"10":[16,69],"11":[85,70,69],"12":[0],"13":[6,0],"14":[11,4],"15":[6,5]},"inputSourceMap":null,"_coverageSchema":"1a1c01bbd47fc00a2c39e90264f33305004495a9","hash":"fc3e4748f1d4e0f9c93cfb616c0670ddfe03ebe4"}
,"/Users/kartikeyagrawal/Desktop/nivo/hostelmate/apps/server/src/config/validation.js": {"path":"/Users/kartikeyagrawal/Desktop/nivo/hostelmate/apps/server/src/config/validation.js","statementMap":{"0":{"start":{"line":3,"column":32},"end":{"line":12,"column":1}},"1":{"start":{"line":10,"column":12},"end":{"line":10,"column":100}},"2":{"start":{"line":14,"column":27},"end":{"line":18,"column":2}},"3":{"start":{"line":20,"column":31},"end":{"line":24,"column":2}},"4":{"start":{"line":26,"column":30},"end":{"line":30,"column":2}},"5":{"start":{"line":32,"column":32},"end":{"line":37,"column":2}},"6":{"start":{"line":39,"column":28},"end":{"line":43,"column":2}},"7":{"start":{"line":45,"column":31},"end":{"line":50,"column":2}}},"fnMap":{"0":{"name":"(anonymous_0)","decl":{"start":{"line":10,"column":2},"end":{"line":10,"column":3}},"loc":{"start":{"line":10,"column":12},"end":{"line":10,"column":100}},"line":10}},"branchMap":{"0":{"loc":{"start":{"line":10,"column":12},"end":{"line":10,"column":100}},"type":"binary-expr","locations":[{"start":{"line":10,"column":12},"end":{"line":10,"column":35}},{"start":{"line":10,"column":40},"end":{"line":10,"column":72}},{"start":{"line":10,"column":76},"end":{"line":10,"column":99}}],"line":10}},"s":{"0":15,"1":7,"2":15,"3":15,"4":15,"5":15,"6":15,"7":15},"f":{"0":7},"b":{"0":[7,5,5]},"inputSourceMap":null,"_coverageSchema":"1a1c01bbd47fc00a2c39e90264f33305004495a9","hash":"7c7bb433e08348ec2edd960af2abb389119755bc"}
,"/Users/kartikeyagrawal/Desktop/nivo/hostelmate/apps/server/src/routes/attendance.js": {"path":"/Users/kartikeyagrawal/Desktop/nivo/hostelmate/apps/server/src/routes/attendance.js","statementMap":{"0":{"start":{"line":14,"column":15},"end":{"line":14,"column":23}},"1":{"start":{"line":16,"column":0},"end":{"line":181,"column":2}},"2":{"start":{"line":17,"column":2},"end":{"line":180,"column":3}},"3":{"start":{"line":18,"column":60},"end":{"line":18,"column":68}},"4":{"start":{"line":19,"column":18},"end":{"line":19,"column":56}},"5":{"start":{"line":22,"column":31},"end":{"line":27,"column":15}},"6":{"start":{"line":29,"column":4},"end":{"line":31,"column":5}},"7":{"start":{"line":30,"column":6},"end":{"line":30,"column":99}},"8":{"start":{"line":34,"column":4},"end":{"line":90,"column":5}},"9":{"start":{"line":35,"column":51},"end":{"line":46,"column":17}},"10":{"start":{"line":48,"column":6},"end":{"line":48,"column":40}},"11":{"start":{"line":48,"column":23},"end":{"line":48,"column":40}},"12":{"start":{"line":50,"column":6},"end":{"line":50,"column":72}},"13":{"start":{"line":51,"column":6},"end":{"line":51,"column":77}},"14":{"start":{"line":52,"column":6},"end":{"line":52,"column":49}},"15":{"start":{"line":53,"column":6},"end":{"line":53,"column":52}},"16":{"start":{"line":56,"column":6},"end":{"line":56,"column":113}},"17":{"start":{"line":57,"column":6},"end":{"line":57,"column":93}},"18":{"start":{"line":60,"column":35},"end":{"line":64,"column":17}},"19":{"start":{"line":66,"column":26},"end":{"line":66,"column":75}},"20":{"start":{"line":69,"column":6},"end":{"line":75,"column":7}},"21":{"start":{"line":77,"column":6},"end":{"line":87,"column":7}},"22":{"start":{"line":78,"column":8},"end":{"line":78,"column":138}},"23":{"start":{"line":80,"column":8},"end":{"line":86,"column":9}},"24":{"start":{"line":89,"column":6},"end":{"line":89,"column":54}},"25":{"start":{"line":94,"column":4},"end":{"line":98,"column":5}},"26":{"start":{"line":95,"column":6},"end":{"line":95,"column":76}},"27":{"start":{"line":97,"column":6},"end":{"line":97,"column":86}},"28":{"start":{"line":100,"column":4},"end":{"line":102,"column":5}},"29":{"start":{"line":101,"column":6},"end":{"line":101,"column":90}},"30":{"start":{"line":104,"column":4},"end":{"line":109,"column":5}},"31":{"start":{"line":105,"column":20},"end":{"line":105,"column":47}},"32":{"start":{"line":106,"column":6},"end":{"line":108,"column":7}},"33":{"start":{"line":107,"column":8},"end":{"line":107,"column":114}},"34":{"start":{"line":111,"column":4},"end":{"line":120,"column":5}},"35":{"start":{"line":112,"column":24},"end":{"line":112,"column":71}},"36":{"start":{"line":113,"column":24},"end":{"line":113,"column":71}},"37":{"start":{"line":114,"column":36},"end":{"line":114,"column":84}},"38":{"start":{"line":115,"column":6},"end":{"line":117,"column":7}},"39":{"start":{"line":116,"column":8},"end":{"line":116,"column":156}},"40":{"start":{"line":119,"column":6},"end":{"line":119,"column":92}},"41":{"start":{"line":122,"column":49},"end":{"line":135,"column":15}},"42":{"start":{"line":137,"column":4},"end":{"line":137,"column":38}},"43":{"start":{"line":137,"column":21},"end":{"line":137,"column":38}},"44":{"start":{"line":139,"column":4},"end":{"line":139,"column":73}},"45":{"start":{"line":140,"column":4},"end":{"line":140,"column":75}},"46":{"start":{"line":141,"column":4},"end":{"line":141,"column":47}},"47":{"start":{"line":142,"column":4},"end":{"line":142,"column":50}},"48":{"start":{"line":145,"column":4},"end":{"line":145,"column":111}},"49":{"start":{"line":146,"column":4},"end":{"line":146,"column":91}},"50":{"start":{"line":149,"column":35},"end":{"line":153,"column":15}},"51":{"start":{"line":155,"column":26},"end":{"line":155,"column":77}},"52":{"start":{"line":158,"column":4},"end":{"line":164,"column":5}},"53":{"start":{"line":166,"column":4},"end":{"line":175,"column":5}},"54":{"start":{"line":167,"column":6},"end":{"line":167,"column":138}},"55":{"start":{"line":168,"column":6},"end":{"line":174,"column":7}},"56":{"start":{"line":177,"column":4},"end":{"line":177,"column":45}},"57":{"start":{"line":179,"column":4},"end":{"line":179,"column":15}},"58":{"start":{"line":183,"column":0},"end":{"line":216,"column":2}},"59":{"start":{"line":184,"column":2},"end":{"line":215,"column":3}},"60":{"start":{"line":185,"column":18},"end":{"line":185,"column":56}},"61":{"start":{"line":186,"column":21},"end":{"line":186,"column":48}},"62":{"start":{"line":188,"column":19},"end":{"line":188,"column":43}},"63":{"start":{"line":189,"column":4},"end":{"line":192,"column":5}},"64":{"start":{"line":190,"column":6},"end":{"line":190,"column":48}},"65":{"start":{"line":191,"column":6},"end":{"line":191,"column":54}},"66":{"start":{"line":193,"column":4},"end":{"line":193,"column":47}},"67":{"start":{"line":195,"column":28},"end":{"line":198,"column":24}},"68":{"start":{"line":200,"column":4},"end":{"line":200,"column":26}},"69":{"start":{"line":200,"column":15},"end":{"line":200,"column":26}},"70":{"start":{"line":202,"column":26},"end":{"line":209,"column":7}},"71":{"start":{"line":202,"column":44},"end":{"line":209,"column":5}},"72":{"start":{"line":211,"column":4},"end":{"line":211,"column":48}},"73":{"start":{"line":212,"column":4},"end":{"line":212,"column":52}},"74":{"start":{"line":214,"column":4},"end":{"line":214,"column":15}},"75":{"start":{"line":218,"column":0},"end":{"line":246,"column":2}},"76":{"start":{"line":219,"column":2},"end":{"line":245,"column":3}},"77":{"start":{"line":220,"column":26},"end":{"line":220,"column":36}},"78":{"start":{"line":221,"column":22},"end":{"line":221,"column":31}},"79":{"start":{"line":223,"column":4},"end":{"line":225,"column":5}},"80":{"start":{"line":224,"column":6},"end":{"line":224,"column":73}},"81":{"start":{"line":227,"column":16},"end":{"line":231,"column":42}},"82":{"start":{"line":233,"column":4},"end":{"line":237,"column":5}},"83":{"start":{"line":234,"column":27},"end":{"line":234,"column":40}},"84":{"start":{"line":235,"column":25},"end":{"line":235,"column":38}},"85":{"start":{"line":236,"column":6},"end":{"line":236,"column":69}},"86":{"start":{"line":239,"column":28},"end":{"line":239,"column":39}},"87":{"start":{"line":240,"column":4},"end":{"line":240,"column":26}},"88":{"start":{"line":240,"column":15},"end":{"line":240,"column":26}},"89":{"start":{"line":242,"column":4},"end":{"line":242,"column":37}},"90":{"start":{"line":244,"column":4},"end":{"line":244,"column":15}},"91":{"start":{"line":248,"column":0},"end":{"line":287,"column":2}},"92":{"start":{"line":249,"column":2},"end":{"line":286,"column":3}},"93":{"start":{"line":250,"column":18},"end":{"line":250,"column":56}},"94":{"start":{"line":251,"column":21},"end":{"line":251,"column":45}},"95":{"start":{"line":253,"column":19},"end":{"line":253,"column":43}},"96":{"start":{"line":254,"column":4},"end":{"line":257,"column":5}},"97":{"start":{"line":255,"column":6},"end":{"line":255,"column":48}},"98":{"start":{"line":256,"column":6},"end":{"line":256,"column":54}},"99":{"start":{"line":258,"column":4},"end":{"line":258,"column":47}},"100":{"start":{"line":260,"column":37},"end":{"line":262,"column":50}},"101":{"start":{"line":264,"column":36},"end":{"line":268,"column":30}},"102":{"start":{"line":270,"column":18},"end":{"line":270,"column":36}},"103":{"start":{"line":271,"column":20},"end":{"line":271,"column":37}},"104":{"start":{"line":272,"column":19},"end":{"line":272,"column":34}},"105":{"start":{"line":273,"column":23},"end":{"line":273,"column":75}},"106":{"start":{"line":275,"column":22},"end":{"line":280,"column":5}},"107":{"start":{"line":282,"column":4},"end":{"line":282,"column":44}},"108":{"start":{"line":283,"column":4},"end":{"line":283,"column":48}},"109":{"start":{"line":285,"column":4},"end":{"line":285,"column":15}}},"fnMap":{"0":{"name":"(anonymous_0)","decl":{"start":{"line":16,"column":79},"end":{"line":16,"column":80}},"loc":{"start":{"line":16,"column":105},"end":{"line":181,"column":1}},"line":16},"1":{"name":"(anonymous_1)","decl":{"start":{"line":183,"column":50},"end":{"line":183,"column":51}},"loc":{"start":{"line":183,"column":76},"end":{"line":216,"column":1}},"line":183},"2":{"name":"(anonymous_2)","decl":{"start":{"line":202,"column":35},"end":{"line":202,"column":36}},"loc":{"start":{"line":202,"column":44},"end":{"line":209,"column":5}},"line":202},"3":{"name":"(anonymous_3)","decl":{"start":{"line":218,"column":48},"end":{"line":218,"column":49}},"loc":{"start":{"line":218,"column":74},"end":{"line":246,"column":1}},"line":218},"4":{"name":"(anonymous_4)","decl":{"start":{"line":248,"column":50},"end":{"line":248,"column":51}},"loc":{"start":{"line":248,"column":76},"end":{"line":287,"column":1}},"line":248}},"branchMap":{"0":{"loc":{"start":{"line":29,"column":4},"end":{"line":31,"column":5}},"type":"if","locations":[{"start":{"line":29,"column":4},"end":{"line":31,"column":5}},{"start":{},"end":{}}],"line":29},"1":{"loc":{"start":{"line":34,"column":4},"end":{"line":90,"column":5}},"type":"if","locations":[{"start":{"line":34,"column":4},"end":{"line":90,"column":5}},{"start":{},"end":{}}],"line":34},"2":{"loc":{"start":{"line":48,"column":6},"end":{"line":48,"column":40}},"type":"if","locations":[{"start":{"line":48,"column":6},"end":{"line":48,"column":40}},{"start":{},"end":{}}],"line":48},"3":{"loc":{"start":{"line":66,"column":26},"end":{"line":66,"column":75}},"type":"binary-expr","locations":[{"start":{"line":66,"column":26},"end":{"line":66,"column":57}},{"start":{"line":66,"column":61},"end":{"line":66,"column":75}}],"line":66},"4":{"loc":{"start":{"line":77,"column":6},"end":{"line":87,"column":7}},"type":"if","locations":[{"start":{"line":77,"column":6},"end":{"line":87,"column":7}},{"start":{},"end":{}}],"line":77},"5":{"loc":{"start":{"line":95,"column":17},"end":{"line":95,"column":76}},"type":"cond-expr","locations":[{"start":{"line":95,"column":47},"end":{"line":95,"column":66}},{"start":{"line":95,"column":69},"end":{"line":95,"column":76}}],"line":95},"6":{"loc":{"start":{"line":100,"column":4},"end":{"line":102,"column":5}},"type":"if","locations":[{"start":{"line":100,"column":4},"end":{"line":102,"column":5}},{"start":{},"end":{}}],"line":100},"7":{"loc":{"start":{"line":100,"column":8},"end":{"line":100,"column":83}},"type":"binary-expr","locations":[{"start":{"line":100,"column":8},"end":{"line":100,"column":31}},{"start":{"line":100,"column":35},"end":{"line":100,"column":83}}],"line":100},"8":{"loc":{"start":{"line":104,"column":4},"end":{"line":109,"column":5}},"type":"if","locations":[{"start":{"line":104,"column":4},"end":{"line":109,"column":5}},{"start":{},"end":{}}],"line":104},"9":{"loc":{"start":{"line":106,"column":6},"end":{"line":108,"column":7}},"type":"if","locations":[{"start":{"line":106,"column":6},"end":{"line":108,"column":7}},{"start":{},"end":{}}],"line":106},"10":{"loc":{"start":{"line":111,"column":4},"end":{"line":120,"column":5}},"type":"if","locations":[{"start":{"line":111,"column":4},"end":{"line":120,"column":5}},{"start":{"line":118,"column":11},"end":{"line":120,"column":5}}],"line":111},"11":{"loc":{"start":{"line":111,"column":8},"end":{"line":111,"column":46}},"type":"binary-expr","locations":[{"start":{"line":111,"column":8},"end":{"line":111,"column":25}},{"start":{"line":111,"column":29},"end":{"line":111,"column":46}}],"line":111},"12":{"loc":{"start":{"line":112,"column":35},"end":{"line":112,"column":70}},"type":"binary-expr","locations":[{"start":{"line":112,"column":35},"end":{"line":112,"column":57}},{"start":{"line":112,"column":61},"end":{"line":112,"column":70}}],"line":112},"13":{"loc":{"start":{"line":113,"column":35},"end":{"line":113,"column":70}},"type":"binary-expr","locations":[{"start":{"line":113,"column":35},"end":{"line":113,"column":57}},{"start":{"line":113,"column":61},"end":{"line":113,"column":70}}],"line":113},"14":{"loc":{"start":{"line":115,"column":6},"end":{"line":117,"column":7}},"type":"if","locations":[{"start":{"line":115,"column":6},"end":{"line":117,"column":7}},{"start":{},"end":{}}],"line":115},"15":{"loc":{"start":{"line":132,"column":23},"end":{"line":132,"column":45}},"type":"binary-expr","locations":[{"start":{"line":132,"column":23},"end":{"line":132,"column":36}},{"start":{"line":132,"column":40},"end":{"line":132,"column":45}}],"line":132},"16":{"loc":{"start":{"line":137,"column":4},"end":{"line":137,"column":38}},"type":"if","locations":[{"start":{"line":137,"column":4},"end":{"line":137,"column":38}},{"start":{},"end":{}}],"line":137},"17":{"loc":{"start":{"line":155,"column":26},"end":{"line":155,"column":77}},"type":"binary-expr","locations":[{"start":{"line":155,"column":26},"end":{"line":155,"column":59}},{"start":{"line":155,"column":63},"end":{"line":155,"column":77}}],"line":155},"18":{"loc":{"start":{"line":166,"column":4},"end":{"line":175,"column":5}},"type":"if","locations":[{"start":{"line":166,"column":4},"end":{"line":175,"column":5}},{"start":{},"end":{}}],"line":166},"19":{"loc":{"start":{"line":189,"column":4},"end":{"line":192,"column":5}},"type":"if","locations":[{"start":{"line":189,"column":4},"end":{"line":192,"column":5}},{"start":{},"end":{}}],"line":189},"20":{"loc":{"start":{"line":200,"column":4},"end":{"line":200,"column":26}},"type":"if","locations":[{"start":{"line":200,"column":4},"end":{"line":200,"column":26}},{"start":{},"end":{}}],"line":200},"21":{"loc":{"start":{"line":208,"column":21},"end":{"line":208,"column":48}},"type":"binary-expr","locations":[{"start":{"line":208,"column":21},"end":{"line":208,"column":39}},{"start":{"line":208,"column":43},"end":{"line":208,"column":48}}],"line":208},"22":{"loc":{"start":{"line":223,"column":4},"end":{"line":225,"column":5}},"type":"if","locations":[{"start":{"line":223,"column":4},"end":{"line":225,"column":5}},{"start":{},"end":{}}],"line":223},"23":{"loc":{"start":{"line":223,"column":8},"end":{"line":223,"column":67}},"type":"binary-expr","locations":[{"start":{"line":223,"column":8},"end":{"line":223,"column":38}},{"start":{"line":223,"column":42},"end":{"line":223,"column":67}}],"line":223},"24":{"loc":{"start":{"line":233,"column":4},"end":{"line":237,"column":5}},"type":"if","locations":[{"start":{"line":233,"column":4},"end":{"line":237,"column":5}},{"start":{},"end":{}}],"line":233},"25":{"loc":{"start":{"line":240,"column":4},"end":{"line":240,"column":26}},"type":"if","locations":[{"start":{"line":240,"column":4},"end":{"line":240,"column":26}},{"start":{},"end":{}}],"line":240},"26":{"loc":{"start":{"line":254,"column":4},"end":{"line":257,"column":5}},"type":"if","locations":[{"start":{"line":254,"column":4},"end":{"line":257,"column":5}},{"start":{},"end":{}}],"line":254},"27":{"loc":{"start":{"line":270,"column":18},"end":{"line":270,"column":36}},"type":"binary-expr","locations":[{"start":{"line":270,"column":18},"end":{"line":270,"column":31}},{"start":{"line":270,"column":35},"end":{"line":270,"column":36}}],"line":270},"28":{"loc":{"start":{"line":271,"column":20},"end":{"line":271,"column":37}},"type":"binary-expr","locations":[{"start":{"line":271,"column":20},"end":{"line":271,"column":32}},{"start":{"line":271,"column":36},"end":{"line":271,"column":37}}],"line":271},"29":{"loc":{"start":{"line":273,"column":23},"end":{"line":273,"column":75}},"type":"cond-expr","locations":[{"start":{"line":273,"column":35},"end":{"line":273,"column":71}},{"start":{"line":273,"column":74},"end":{"line":273,"column":75}}],"line":273}},"s":{"0":14,"1":14,"2":4,"3":4,"4":4,"5":4,"6":4,"7":1,"8":3,"9":1,"10":1,"11":0,"12":1,"13":1,"14":1,"15":1,"16":1,"17":1,"18":1,"19":1,"20":1,"21":1,"22":0,"23":0,"24":1,"25":2,"26":2,"27":1,"28":1,"29":0,"30":1,"31":1,"32":1,"33":0,"34":1,"35":1,"36":1,"37":1,"38":1,"39":0,"40":0,"41":1,"42":1,"43":0,"44":1,"45":1,"46":1,"47":1,"48":1,"49":1,"50":1,"51":1,"52":1,"53":1,"54":0,"55":0,"56":1,"57":0,"58":14,"59":2,"60":2,"61":2,"62":2,"63":2,"64":1,"65":1,"66":1,"67":1,"68":1,"69":0,"70":1,"71":1,"72":1,"73":1,"74":0,"75":14,"76":2,"77":2,"78":2,"79":2,"80":1,"81":1,"82":1,"83":0,"84":0,"85":0,"86":1,"87":1,"88":0,"89":1,"90":0,"91":14,"92":1,"93":1,"94":1,"95":1,"96":1,"97":0,"98":0,"99":1,"100":1,"101":1,"102":1,"103":1,"104":1,"105":1,"106":1,"107":1,"108":1,"109":0},"f":{"0":4,"1":2,"2":1,"3":2,"4":1},"b":{"0":[1,3],"1":[1,2],"2":[0,1],"3":[1,1],"4":[0,1],"5":[2,0],"6":[0,1],"7":[1,1],"8":[1,0],"9":[0,1],"10":[1,0],"11":[1,1],"12":[1,0],"13":[1,0],"14":[0,1],"15":[1,0],"16":[0,1],"17":[1,1],"18":[0,1],"19":[1,1],"20":[0,1],"21":[1,1],"22":[1,1],"23":[2,2],"24":[0,1],"25":[0,1],"26":[0,1],"27":[1,0],"28":[1,0],"29":[1,0]},"inputSourceMap":null,"_coverageSchema":"1a1c01bbd47fc00a2c39e90264f33305004495a9","hash":"5d5931474430bd44d2d8aa757f5943e039f42406"}
,"/Users/kartikeyagrawal/Desktop/nivo/hostelmate/apps/server/src/routes/audit.js": {"path":"/Users/kartikeyagrawal/Desktop/nivo/hostelmate/apps/server/src/routes/audit.js","statementMap":{"0":{"start":{"line":6,"column":15},"end":{"line":6,"column":23}},"1":{"start":{"line":8,"column":0},"end":{"line":37,"column":2}},"2":{"start":{"line":9,"column":2},"end":{"line":36,"column":3}},"3":{"start":{"line":10,"column":45},"end":{"line":10,"column":54}},"4":{"start":{"line":12,"column":16},"end":{"line":19,"column":27}},"5":{"start":{"line":21,"column":4},"end":{"line":23,"column":5}},"6":{"start":{"line":22,"column":6},"end":{"line":22,"column":44}},"7":{"start":{"line":25,"column":4},"end":{"line":27,"column":5}},"8":{"start":{"line":26,"column":6},"end":{"line":26,"column":40}},"9":{"start":{"line":29,"column":28},"end":{"line":29,"column":39}},"10":{"start":{"line":31,"column":4},"end":{"line":31,"column":26}},"11":{"start":{"line":31,"column":15},"end":{"line":31,"column":26}},"12":{"start":{"line":33,"column":4},"end":{"line":33,"column":37}},"13":{"start":{"line":35,"column":4},"end":{"line":35,"column":15}}},"fnMap":{"0":{"name":"(anonymous_0)","decl":{"start":{"line":8,"column":45},"end":{"line":8,"column":46}},"loc":{"start":{"line":8,"column":71},"end":{"line":37,"column":1}},"line":8}},"branchMap":{"0":{"loc":{"start":{"line":10,"column":30},"end":{"line":10,"column":40}},"type":"default-arg","locations":[{"start":{"line":10,"column":38},"end":{"line":10,"column":40}}],"line":10},"1":{"loc":{"start":{"line":21,"column":4},"end":{"line":23,"column":5}},"type":"if","locations":[{"start":{"line":21,"column":4},"end":{"line":23,"column":5}},{"start":{},"end":{}}],"line":21},"2":{"loc":{"start":{"line":25,"column":4},"end":{"line":27,"column":5}},"type":"if","locations":[{"start":{"line":25,"column":4},"end":{"line":27,"column":5}},{"start":{},"end":{}}],"line":25},"3":{"loc":{"start":{"line":31,"column":4},"end":{"line":31,"column":26}},"type":"if","locations":[{"start":{"line":31,"column":4},"end":{"line":31,"column":26}},{"start":{},"end":{}}],"line":31}},"s":{"0":14,"1":14,"2":2,"3":2,"4":2,"5":2,"6":1,"7":2,"8":1,"9":2,"10":2,"11":0,"12":2,"13":0},"f":{"0":2},"b":{"0":[2],"1":[1,1],"2":[1,1],"3":[0,2]},"inputSourceMap":null,"_coverageSchema":"1a1c01bbd47fc00a2c39e90264f33305004495a9","hash":"b6cc536556f12f068e9069b3f14cf2f1c7645514"}
,"/Users/kartikeyagrawal/Desktop/nivo/hostelmate/apps/server/src/routes/complaints.js": {"path":"/Users/kartikeyagrawal/Desktop/nivo/hostelmate/apps/server/src/routes/complaints.js","statementMap":{"0":{"start":{"line":14,"column":15},"end":{"line":14,"column":23}},"1":{"start":{"line":16,"column":0},"end":{"line":77,"column":2}},"2":{"start":{"line":17,"column":2},"end":{"line":76,"column":3}},"3":{"start":{"line":18,"column":49},"end":{"line":18,"column":57}},"4":{"start":{"line":21,"column":19},"end":{"line":21,"column":23}},"5":{"start":{"line":22,"column":24},"end":{"line":22,"column":32}},"6":{"start":{"line":23,"column":23},"end":{"line":23,"column":41}},"7":{"start":{"line":24,"column":20},"end":{"line":24,"column":24}},"8":{"start":{"line":25,"column":28},"end":{"line":25,"column":32}},"9":{"start":{"line":27,"column":4},"end":{"line":40,"column":5}},"10":{"start":{"line":28,"column":6},"end":{"line":28,"column":53}},"11":{"start":{"line":29,"column":6},"end":{"line":36,"column":7}},"12":{"start":{"line":31,"column":8},"end":{"line":31,"column":41}},"13":{"start":{"line":32,"column":8},"end":{"line":32,"column":41}},"14":{"start":{"line":33,"column":8},"end":{"line":33,"column":36}},"15":{"start":{"line":34,"column":8},"end":{"line":34,"column":53}},"16":{"start":{"line":35,"column":8},"end":{"line":35,"column":88}},"17":{"start":{"line":39,"column":6},"end":{"line":39,"column":70}},"18":{"start":{"line":42,"column":36},"end":{"line":56,"column":15}},"19":{"start":{"line":58,"column":4},"end":{"line":58,"column":26}},"20":{"start":{"line":58,"column":15},"end":{"line":58,"column":26}},"21":{"start":{"line":60,"column":4},"end":{"line":60,"column":61}},"22":{"start":{"line":61,"column":4},"end":{"line":61,"column":40}},"23":{"start":{"line":63,"column":4},"end":{"line":73,"column":6}},"24":{"start":{"line":75,"column":4},"end":{"line":75,"column":15}},"25":{"start":{"line":79,"column":0},"end":{"line":93,"column":2}},"26":{"start":{"line":80,"column":2},"end":{"line":92,"column":3}},"27":{"start":{"line":81,"column":28},"end":{"line":85,"column":48}},"28":{"start":{"line":87,"column":4},"end":{"line":87,"column":26}},"29":{"start":{"line":87,"column":15},"end":{"line":87,"column":26}},"30":{"start":{"line":89,"column":4},"end":{"line":89,"column":37}},"31":{"start":{"line":91,"column":4},"end":{"line":91,"column":15}},"32":{"start":{"line":95,"column":0},"end":{"line":123,"column":2}},"33":{"start":{"line":96,"column":2},"end":{"line":122,"column":3}},"34":{"start":{"line":97,"column":23},"end":{"line":97,"column":32}},"35":{"start":{"line":99,"column":16},"end":{"line":109,"column":4}},"36":{"start":{"line":111,"column":4},"end":{"line":113,"column":5}},"37":{"start":{"line":112,"column":6},"end":{"line":112,"column":40}},"38":{"start":{"line":115,"column":28},"end":{"line":115,"column":81}},"39":{"start":{"line":117,"column":4},"end":{"line":117,"column":26}},"40":{"start":{"line":117,"column":15},"end":{"line":117,"column":26}},"41":{"start":{"line":119,"column":4},"end":{"line":119,"column":37}},"42":{"start":{"line":121,"column":4},"end":{"line":121,"column":15}},"43":{"start":{"line":125,"column":0},"end":{"line":163,"column":2}},"44":{"start":{"line":126,"column":2},"end":{"line":162,"column":3}},"45":{"start":{"line":127,"column":19},"end":{"line":127,"column":29}},"46":{"start":{"line":128,"column":23},"end":{"line":128,"column":31}},"47":{"start":{"line":130,"column":4},"end":{"line":132,"column":5}},"48":{"start":{"line":131,"column":6},"end":{"line":131,"column":78}},"49":{"start":{"line":134,"column":20},"end":{"line":134,"column":30}},"50":{"start":{"line":136,"column":4},"end":{"line":139,"column":5}},"51":{"start":{"line":137,"column":6},"end":{"line":137,"column":39}},"52":{"start":{"line":138,"column":6},"end":{"line":138,"column":56}},"53":{"start":{"line":141,"column":28},"end":{"line":146,"column":15}},"54":{"start":{"line":148,"column":4},"end":{"line":148,"column":26}},"55":{"start":{"line":148,"column":15},"end":{"line":148,"column":26}},"56":{"start":{"line":150,"column":4},"end":{"line":150,"column":80}},"57":{"start":{"line":151,"column":4},"end":{"line":151,"column":68}},"58":{"start":{"line":153,"column":4},"end":{"line":155,"column":5}},"59":{"start":{"line":154,"column":6},"end":{"line":154,"column":122}},"60":{"start":{"line":156,"column":4},"end":{"line":156,"column":68}},"61":{"start":{"line":158,"column":4},"end":{"line":158,"column":40}},"62":{"start":{"line":159,"column":4},"end":{"line":159,"column":37}},"63":{"start":{"line":161,"column":4},"end":{"line":161,"column":15}},"64":{"start":{"line":165,"column":0},"end":{"line":203,"column":2}},"65":{"start":{"line":166,"column":2},"end":{"line":202,"column":3}},"66":{"start":{"line":167,"column":21},"end":{"line":167,"column":43}},"67":{"start":{"line":168,"column":19},"end":{"line":168,"column":43}},"68":{"start":{"line":169,"column":4},"end":{"line":171,"column":5}},"69":{"start":{"line":170,"column":6},"end":{"line":170,"column":54}},"70":{"start":{"line":173,"column":26},"end":{"line":173,"column":36}},"71":{"start":{"line":174,"column":4},"end":{"line":174,"column":55}},"72":{"start":{"line":176,"column":40},"end":{"line":179,"column":53}},"73":{"start":{"line":181,"column":4},"end":{"line":181,"column":26}},"74":{"start":{"line":181,"column":15},"end":{"line":181,"column":26}},"75":{"start":{"line":183,"column":19},"end":{"line":183,"column":66}},"76":{"start":{"line":184,"column":4},"end":{"line":186,"column":5}},"77":{"start":{"line":185,"column":6},"end":{"line":185,"column":92}},"78":{"start":{"line":188,"column":17},"end":{"line":196,"column":5}},"79":{"start":{"line":193,"column":8},"end":{"line":193,"column":52}},"80":{"start":{"line":194,"column":8},"end":{"line":194,"column":18}},"81":{"start":{"line":198,"column":4},"end":{"line":198,"column":40}},"82":{"start":{"line":199,"column":4},"end":{"line":199,"column":37}},"83":{"start":{"line":201,"column":4},"end":{"line":201,"column":15}},"84":{"start":{"line":205,"column":0},"end":{"line":245,"column":2}},"85":{"start":{"line":206,"column":2},"end":{"line":244,"column":3}},"86":{"start":{"line":207,"column":40},"end":{"line":209,"column":73}},"87":{"start":{"line":211,"column":4},"end":{"line":211,"column":26}},"88":{"start":{"line":211,"column":15},"end":{"line":211,"column":26}},"89":{"start":{"line":213,"column":18},"end":{"line":218,"column":5}},"90":{"start":{"line":220,"column":24},"end":{"line":220,"column":25}},"91":{"start":{"line":221,"column":30},"end":{"line":221,"column":31}},"92":{"start":{"line":223,"column":4},"end":{"line":235,"column":6}},"93":{"start":{"line":224,"column":6},"end":{"line":224,"column":78}},"94":{"start":{"line":225,"column":6},"end":{"line":225,"column":70}},"95":{"start":{"line":226,"column":6},"end":{"line":226,"column":78}},"96":{"start":{"line":228,"column":6},"end":{"line":234,"column":7}},"97":{"start":{"line":229,"column":24},"end":{"line":229,"column":46}},"98":{"start":{"line":230,"column":25},"end":{"line":230,"column":52}},"99":{"start":{"line":231,"column":26},"end":{"line":231,"column":65}},"100":{"start":{"line":232,"column":8},"end":{"line":232,"column":40}},"101":{"start":{"line":233,"column":8},"end":{"line":233,"column":23}},"102":{"start":{"line":237,"column":4},"end":{"line":239,"column":5}},"103":{"start":{"line":238,"column":6},"end":{"line":238,"column":100}},"104":{"start":{"line":241,"column":4},"end":{"line":241,"column":44}},"105":{"start":{"line":243,"column":4},"end":{"line":243,"column":15}}},"fnMap":{"0":{"name":"(anonymous_0)","decl":{"start":{"line":16,"column":74},"end":{"line":16,"column":75}},"loc":{"start":{"line":16,"column":100},"end":{"line":77,"column":1}},"line":16},"1":{"name":"(anonymous_1)","decl":{"start":{"line":79,"column":48},"end":{"line":79,"column":49}},"loc":{"start":{"line":79,"column":74},"end":{"line":93,"column":1}},"line":79},"2":{"name":"(anonymous_2)","decl":{"start":{"line":95,"column":48},"end":{"line":95,"column":49}},"loc":{"start":{"line":95,"column":74},"end":{"line":123,"column":1}},"line":95},"3":{"name":"(anonymous_3)","decl":{"start":{"line":125,"column":57},"end":{"line":125,"column":58}},"loc":{"start":{"line":125,"column":83},"end":{"line":163,"column":1}},"line":125},"4":{"name":"(anonymous_4)","decl":{"start":{"line":165,"column":54},"end":{"line":165,"column":55}},"loc":{"start":{"line":165,"column":80},"end":{"line":203,"column":1}},"line":165},"5":{"name":"(anonymous_5)","decl":{"start":{"line":192,"column":37},"end":{"line":192,"column":38}},"loc":{"start":{"line":192,"column":49},"end":{"line":195,"column":7}},"line":192},"6":{"name":"(anonymous_6)","decl":{"start":{"line":205,"column":50},"end":{"line":205,"column":51}},"loc":{"start":{"line":205,"column":76},"end":{"line":245,"column":1}},"line":205},"7":{"name":"(anonymous_7)","decl":{"start":{"line":223,"column":23},"end":{"line":223,"column":24}},"loc":{"start":{"line":223,"column":28},"end":{"line":235,"column":5}},"line":223}},"branchMap":{"0":{"loc":{"start":{"line":23,"column":23},"end":{"line":23,"column":41}},"type":"binary-expr","locations":[{"start":{"line":23,"column":23},"end":{"line":23,"column":32}},{"start":{"line":23,"column":36},"end":{"line":23,"column":41}}],"line":23},"1":{"loc":{"start":{"line":29,"column":6},"end":{"line":36,"column":7}},"type":"if","locations":[{"start":{"line":29,"column":6},"end":{"line":36,"column":7}},{"start":{},"end":{}}],"line":29},"2":{"loc":{"start":{"line":29,"column":10},"end":{"line":29,"column":47}},"type":"binary-expr","locations":[{"start":{"line":29,"column":10},"end":{"line":29,"column":18}},{"start":{"line":29,"column":22},"end":{"line":29,"column":47}}],"line":29},"3":{"loc":{"start":{"line":52,"column":23},"end":{"line":52,"column":51}},"type":"binary-expr","locations":[{"start":{"line":52,"column":23},"end":{"line":52,"column":43}},{"start":{"line":52,"column":47},"end":{"line":52,"column":51}}],"line":52},"4":{"loc":{"start":{"line":58,"column":4},"end":{"line":58,"column":26}},"type":"if","locations":[{"start":{"line":58,"column":4},"end":{"line":58,"column":26}},{"start":{},"end":{}}],"line":58},"5":{"loc":{"start":{"line":66,"column":10},"end":{"line":72,"column":31}},"type":"cond-expr","locations":[{"start":{"line":66,"column":21},"end":{"line":72,"column":7}},{"start":{"line":72,"column":10},"end":{"line":72,"column":31}}],"line":66},"6":{"loc":{"start":{"line":87,"column":4},"end":{"line":87,"column":26}},"type":"if","locations":[{"start":{"line":87,"column":4},"end":{"line":87,"column":26}},{"start":{},"end":{}}],"line":87},"7":{"loc":{"start":{"line":111,"column":4},"end":{"line":113,"column":5}},"type":"if","locations":[{"start":{"line":111,"column":4},"end":{"line":113,"column":5}},{"start":{},"end":{}}],"line":111},"8":{"loc":{"start":{"line":117,"column":4},"end":{"line":117,"column":26}},"type":"if","locations":[{"start":{"line":117,"column":4},"end":{"line":117,"column":26}},{"start":{},"end":{}}],"line":117},"9":{"loc":{"start":{"line":130,"column":4},"end":{"line":132,"column":5}},"type":"if","locations":[{"start":{"line":130,"column":4},"end":{"line":132,"column":5}},{"start":{},"end":{}}],"line":130},"10":{"loc":{"start":{"line":130,"column":8},"end":{"line":130,"column":72}},"type":"binary-expr","locations":[{"start":{"line":130,"column":8},"end":{"line":130,"column":15}},{"start":{"line":130,"column":19},"end":{"line":130,"column":72}}],"line":130},"11":{"loc":{"start":{"line":136,"column":4},"end":{"line":139,"column":5}},"type":"if","locations":[{"start":{"line":136,"column":4},"end":{"line":139,"column":5}},{"start":{},"end":{}}],"line":136},"12":{"loc":{"start":{"line":148,"column":4},"end":{"line":148,"column":26}},"type":"if","locations":[{"start":{"line":148,"column":4},"end":{"line":148,"column":26}},{"start":{},"end":{}}],"line":148},"13":{"loc":{"start":{"line":153,"column":4},"end":{"line":155,"column":5}},"type":"if","locations":[{"start":{"line":153,"column":4},"end":{"line":155,"column":5}},{"start":{},"end":{}}],"line":153},"14":{"loc":{"start":{"line":169,"column":4},"end":{"line":171,"column":5}},"type":"if","locations":[{"start":{"line":169,"column":4},"end":{"line":171,"column":5}},{"start":{},"end":{}}],"line":169},"15":{"loc":{"start":{"line":181,"column":4},"end":{"line":181,"column":26}},"type":"if","locations":[{"start":{"line":181,"column":4},"end":{"line":181,"column":26}},{"start":{},"end":{}}],"line":181},"16":{"loc":{"start":{"line":184,"column":4},"end":{"line":186,"column":5}},"type":"if","locations":[{"start":{"line":184,"column":4},"end":{"line":186,"column":5}},{"start":{},"end":{}}],"line":184},"17":{"loc":{"start":{"line":193,"column":27},"end":{"line":193,"column":47}},"type":"binary-expr","locations":[{"start":{"line":193,"column":27},"end":{"line":193,"column":42}},{"start":{"line":193,"column":46},"end":{"line":193,"column":47}}],"line":193},"18":{"loc":{"start":{"line":211,"column":4},"end":{"line":211,"column":26}},"type":"if","locations":[{"start":{"line":211,"column":4},"end":{"line":211,"column":26}},{"start":{},"end":{}}],"line":211},"19":{"loc":{"start":{"line":224,"column":39},"end":{"line":224,"column":73}},"type":"binary-expr","locations":[{"start":{"line":224,"column":39},"end":{"line":224,"column":68}},{"start":{"line":224,"column":72},"end":{"line":224,"column":73}}],"line":224},"20":{"loc":{"start":{"line":225,"column":35},"end":{"line":225,"column":65}},"type":"binary-expr","locations":[{"start":{"line":225,"column":35},"end":{"line":225,"column":60}},{"start":{"line":225,"column":64},"end":{"line":225,"column":65}}],"line":225},"21":{"loc":{"start":{"line":226,"column":39},"end":{"line":226,"column":73}},"type":"binary-expr","locations":[{"start":{"line":226,"column":39},"end":{"line":226,"column":68}},{"start":{"line":226,"column":72},"end":{"line":226,"column":73}}],"line":226},"22":{"loc":{"start":{"line":228,"column":6},"end":{"line":234,"column":7}},"type":"if","locations":[{"start":{"line":228,"column":6},"end":{"line":234,"column":7}},{"start":{},"end":{}}],"line":228},"23":{"loc":{"start":{"line":228,"column":10},"end":{"line":228,"column":54}},"type":"binary-expr","locations":[{"start":{"line":228,"column":10},"end":{"line":228,"column":33}},{"start":{"line":228,"column":37},"end":{"line":228,"column":54}}],"line":228},"24":{"loc":{"start":{"line":237,"column":4},"end":{"line":239,"column":5}},"type":"if","locations":[{"start":{"line":237,"column":4},"end":{"line":239,"column":5}},{"start":{},"end":{}}],"line":237}},"s":{"0":14,"1":14,"2":4,"3":4,"4":4,"5":4,"6":4,"7":4,"8":4,"9":4,"10":4,"11":3,"12":3,"13":3,"14":3,"15":3,"16":3,"17":1,"18":4,"19":4,"20":0,"21":4,"22":4,"23":4,"24":0,"25":14,"26":1,"27":1,"28":1,"29":0,"30":1,"31":0,"32":14,"33":2,"34":2,"35":2,"36":2,"37":1,"38":2,"39":2,"40":0,"41":2,"42":0,"43":14,"44":3,"45":3,"46":3,"47":3,"48":1,"49":2,"50":2,"51":1,"52":1,"53":2,"54":2,"55":0,"56":2,"57":2,"58":2,"59":1,"60":2,"61":2,"62":2,"63":0,"64":14,"65":0,"66":0,"67":0,"68":0,"69":0,"70":0,"71":0,"72":0,"73":0,"74":0,"75":0,"76":0,"77":0,"78":0,"79":0,"80":0,"81":0,"82":0,"83":0,"84":14,"85":1,"86":1,"87":1,"88":0,"89":1,"90":1,"91":1,"92":1,"93":0,"94":0,"95":0,"96":0,"97":0,"98":0,"99":0,"100":0,"101":0,"102":1,"103":0,"104":1,"105":0},"f":{"0":4,"1":1,"2":2,"3":3,"4":0,"5":0,"6":1,"7":0},"b":{"0":[4,4],"1":[3,0],"2":[3,3],"3":[4,1],"4":[0,4],"5":[3,1],"6":[0,1],"7":[1,1],"8":[0,2],"9":[1,2],"10":[3,3],"11":[1,1],"12":[0,2],"13":[1,1],"14":[0,0],"15":[0,0],"16":[0,0],"17":[0,0],"18":[0,1],"19":[0,0],"20":[0,0],"21":[0,0],"22":[0,0],"23":[0,0],"24":[0,1]},"inputSourceMap":null,"_coverageSchema":"1a1c01bbd47fc00a2c39e90264f33305004495a9","hash":"ad7883a4d415edaaec0517dea4137f1d78810e99"}
,"/Users/kartikeyagrawal/Desktop/nivo/hostelmate/apps/server/src/routes/curfew.js": {"path":"/Users/kartikeyagrawal/Desktop/nivo/hostelmate/apps/server/src/routes/curfew.js","statementMap":{"0":{"start":{"line":8,"column":15},"end":{"line":8,"column":23}},"1":{"start":{"line":10,"column":0},"end":{"line":63,"column":2}},"2":{"start":{"line":11,"column":2},"end":{"line":62,"column":3}},"3":{"start":{"line":12,"column":18},"end":{"line":12,"column":56}},"4":{"start":{"line":14,"column":19},"end":{"line":14,"column":58}},"5":{"start":{"line":15,"column":4},"end":{"line":20,"column":5}},"6":{"start":{"line":16,"column":21},"end":{"line":16,"column":55}},"7":{"start":{"line":17,"column":6},"end":{"line":17,"column":47}},"8":{"start":{"line":17,"column":18},"end":{"line":17,"column":47}},"9":{"start":{"line":22,"column":4},"end":{"line":24,"column":5}},"10":{"start":{"line":23,"column":6},"end":{"line":23,"column":50}},"11":{"start":{"line":26,"column":16},"end":{"line":26,"column":26}},"12":{"start":{"line":27,"column":27},"end":{"line":27,"column":61}},"13":{"start":{"line":29,"column":4},"end":{"line":31,"column":5}},"14":{"start":{"line":30,"column":6},"end":{"line":30,"column":50}},"15":{"start":{"line":33,"column":53},"end":{"line":35,"column":79}},"16":{"start":{"line":37,"column":4},"end":{"line":37,"column":42}},"17":{"start":{"line":37,"column":23},"end":{"line":37,"column":42}},"18":{"start":{"line":39,"column":57},"end":{"line":43,"column":30}},"19":{"start":{"line":45,"column":4},"end":{"line":45,"column":46}},"20":{"start":{"line":45,"column":25},"end":{"line":45,"column":46}},"21":{"start":{"line":47,"column":30},"end":{"line":47,"column":72}},"22":{"start":{"line":47,"column":58},"end":{"line":47,"column":70}},"23":{"start":{"line":49,"column":23},"end":{"line":57,"column":9}},"24":{"start":{"line":50,"column":19},"end":{"line":50,"column":47}},"25":{"start":{"line":51,"column":17},"end":{"line":57,"column":7}},"26":{"start":{"line":59,"column":4},"end":{"line":59,"column":49}},"27":{"start":{"line":61,"column":4},"end":{"line":61,"column":15}},"28":{"start":{"line":65,"column":0},"end":{"line":98,"column":2}},"29":{"start":{"line":66,"column":2},"end":{"line":97,"column":3}},"30":{"start":{"line":67,"column":28},"end":{"line":67,"column":36}},"31":{"start":{"line":69,"column":4},"end":{"line":71,"column":5}},"32":{"start":{"line":70,"column":6},"end":{"line":70,"column":92}},"33":{"start":{"line":73,"column":25},"end":{"line":73,"column":26}},"34":{"start":{"line":75,"column":4},"end":{"line":92,"column":5}},"35":{"start":{"line":76,"column":32},"end":{"line":80,"column":17}},"36":{"start":{"line":82,"column":19},"end":{"line":82,"column":60}},"37":{"start":{"line":84,"column":6},"end":{"line":89,"column":8}},"38":{"start":{"line":91,"column":6},"end":{"line":91,"column":22}},"39":{"start":{"line":94,"column":4},"end":{"line":94,"column":47}},"40":{"start":{"line":96,"column":4},"end":{"line":96,"column":15}},"41":{"start":{"line":100,"column":0},"end":{"line":114,"column":2}},"42":{"start":{"line":101,"column":2},"end":{"line":113,"column":3}},"43":{"start":{"line":102,"column":19},"end":{"line":102,"column":58}},"44":{"start":{"line":103,"column":4},"end":{"line":108,"column":5}},"45":{"start":{"line":104,"column":21},"end":{"line":104,"column":55}},"46":{"start":{"line":105,"column":6},"end":{"line":105,"column":47}},"47":{"start":{"line":105,"column":18},"end":{"line":105,"column":47}},"48":{"start":{"line":110,"column":4},"end":{"line":110,"column":47}},"49":{"start":{"line":112,"column":4},"end":{"line":112,"column":15}},"50":{"start":{"line":116,"column":0},"end":{"line":131,"column":2}},"51":{"start":{"line":117,"column":2},"end":{"line":130,"column":3}},"52":{"start":{"line":118,"column":37},"end":{"line":118,"column":45}},"53":{"start":{"line":120,"column":21},"end":{"line":123,"column":5}},"54":{"start":{"line":125,"column":4},"end":{"line":125,"column":64}},"55":{"start":{"line":127,"column":4},"end":{"line":127,"column":47}},"56":{"start":{"line":129,"column":4},"end":{"line":129,"column":15}}},"fnMap":{"0":{"name":"(anonymous_0)","decl":{"start":{"line":10,"column":55},"end":{"line":10,"column":56}},"loc":{"start":{"line":10,"column":81},"end":{"line":63,"column":1}},"line":10},"1":{"name":"(anonymous_1)","decl":{"start":{"line":47,"column":53},"end":{"line":47,"column":54}},"loc":{"start":{"line":47,"column":58},"end":{"line":47,"column":70}},"line":47},"2":{"name":"(anonymous_2)","decl":{"start":{"line":50,"column":14},"end":{"line":50,"column":15}},"loc":{"start":{"line":50,"column":19},"end":{"line":50,"column":47}},"line":50},"3":{"name":"(anonymous_3)","decl":{"start":{"line":51,"column":11},"end":{"line":51,"column":12}},"loc":{"start":{"line":51,"column":17},"end":{"line":57,"column":7}},"line":51},"4":{"name":"(anonymous_4)","decl":{"start":{"line":65,"column":52},"end":{"line":65,"column":53}},"loc":{"start":{"line":65,"column":78},"end":{"line":98,"column":1}},"line":65},"5":{"name":"(anonymous_5)","decl":{"start":{"line":100,"column":53},"end":{"line":100,"column":54}},"loc":{"start":{"line":100,"column":79},"end":{"line":114,"column":1}},"line":100},"6":{"name":"(anonymous_6)","decl":{"start":{"line":116,"column":55},"end":{"line":116,"column":56}},"loc":{"start":{"line":116,"column":81},"end":{"line":131,"column":1}},"line":116}},"branchMap":{"0":{"loc":{"start":{"line":17,"column":6},"end":{"line":17,"column":47}},"type":"if","locations":[{"start":{"line":17,"column":6},"end":{"line":17,"column":47}},{"start":{},"end":{}}],"line":17},"1":{"loc":{"start":{"line":22,"column":4},"end":{"line":24,"column":5}},"type":"if","locations":[{"start":{"line":22,"column":4},"end":{"line":24,"column":5}},{"start":{},"end":{}}],"line":22},"2":{"loc":{"start":{"line":29,"column":4},"end":{"line":31,"column":5}},"type":"if","locations":[{"start":{"line":29,"column":4},"end":{"line":31,"column":5}},{"start":{},"end":{}}],"line":29},"3":{"loc":{"start":{"line":37,"column":4},"end":{"line":37,"column":42}},"type":"if","locations":[{"start":{"line":37,"column":4},"end":{"line":37,"column":42}},{"start":{},"end":{}}],"line":37},"4":{"loc":{"start":{"line":45,"column":4},"end":{"line":45,"column":46}},"type":"if","locations":[{"start":{"line":45,"column":4},"end":{"line":45,"column":46}},{"start":{},"end":{}}],"line":45},"5":{"loc":{"start":{"line":69,"column":4},"end":{"line":71,"column":5}},"type":"if","locations":[{"start":{"line":69,"column":4},"end":{"line":71,"column":5}},{"start":{},"end":{}}],"line":69},"6":{"loc":{"start":{"line":82,"column":19},"end":{"line":82,"column":60}},"type":"binary-expr","locations":[{"start":{"line":82,"column":19},"end":{"line":82,"column":47}},{"start":{"line":82,"column":51},"end":{"line":82,"column":60}}],"line":82},"7":{"loc":{"start":{"line":105,"column":6},"end":{"line":105,"column":47}},"type":"if","locations":[{"start":{"line":105,"column":6},"end":{"line":105,"column":47}},{"start":{},"end":{}}],"line":105},"8":{"loc":{"start":{"line":121,"column":19},"end":{"line":121,"column":41}},"type":"binary-expr","locations":[{"start":{"line":121,"column":19},"end":{"line":121,"column":30}},{"start":{"line":121,"column":34},"end":{"line":121,"column":41}}],"line":121},"9":{"loc":{"start":{"line":122,"column":15},"end":{"line":122,"column":53}},"type":"cond-expr","locations":[{"start":{"line":122,"column":39},"end":{"line":122,"column":46}},{"start":{"line":122,"column":49},"end":{"line":122,"column":53}}],"line":122}},"s":{"0":14,"1":14,"2":2,"3":2,"4":2,"5":2,"6":2,"7":2,"8":2,"9":2,"10":0,"11":2,"12":2,"13":2,"14":1,"15":1,"16":1,"17":0,"18":1,"19":1,"20":0,"21":1,"22":1,"23":1,"24":2,"25":1,"26":1,"27":0,"28":14,"29":2,"30":2,"31":2,"32":1,"33":1,"34":1,"35":1,"36":1,"37":1,"38":1,"39":1,"40":0,"41":14,"42":2,"43":2,"44":2,"45":2,"46":2,"47":1,"48":2,"49":0,"50":14,"51":1,"52":1,"53":1,"54":1,"55":1,"56":0},"f":{"0":2,"1":1,"2":2,"3":1,"4":2,"5":2,"6":1},"b":{"0":[2,0],"1":[0,2],"2":[1,1],"3":[0,1],"4":[0,1],"5":[1,1],"6":[1,0],"7":[1,1],"8":[1,0],"9":[1,0]},"inputSourceMap":null,"_coverageSchema":"1a1c01bbd47fc00a2c39e90264f33305004495a9","hash":"01521f91562d8307ff9e3164d4346a56905f404f"}
,"/Users/kartikeyagrawal/Desktop/nivo/hostelmate/apps/server/src/routes/leaves.js": {"path":"/Users/kartikeyagrawal/Desktop/nivo/hostelmate/apps/server/src/routes/leaves.js","statementMap":{"0":{"start":{"line":13,"column":15},"end":{"line":13,"column":23}},"1":{"start":{"line":15,"column":0},"end":{"line":49,"column":2}},"2":{"start":{"line":16,"column":2},"end":{"line":48,"column":3}},"3":{"start":{"line":17,"column":45},"end":{"line":17,"column":53}},"4":{"start":{"line":19,"column":18},"end":{"line":19,"column":56}},"5":{"start":{"line":21,"column":4},"end":{"line":23,"column":5}},"6":{"start":{"line":22,"column":6},"end":{"line":22,"column":96}},"7":{"start":{"line":25,"column":4},"end":{"line":27,"column":5}},"8":{"start":{"line":26,"column":6},"end":{"line":26,"column":109}},"9":{"start":{"line":29,"column":36},"end":{"line":39,"column":15}},"10":{"start":{"line":41,"column":4},"end":{"line":41,"column":26}},"11":{"start":{"line":41,"column":15},"end":{"line":41,"column":26}},"12":{"start":{"line":43,"column":4},"end":{"line":43,"column":65}},"13":{"start":{"line":44,"column":4},"end":{"line":44,"column":40}},"14":{"start":{"line":45,"column":4},"end":{"line":45,"column":45}},"15":{"start":{"line":47,"column":4},"end":{"line":47,"column":15}},"16":{"start":{"line":51,"column":0},"end":{"line":65,"column":2}},"17":{"start":{"line":52,"column":2},"end":{"line":64,"column":3}},"18":{"start":{"line":53,"column":28},"end":{"line":57,"column":48}},"19":{"start":{"line":59,"column":4},"end":{"line":59,"column":26}},"20":{"start":{"line":59,"column":15},"end":{"line":59,"column":26}},"21":{"start":{"line":61,"column":4},"end":{"line":61,"column":37}},"22":{"start":{"line":63,"column":4},"end":{"line":63,"column":15}},"23":{"start":{"line":67,"column":0},"end":{"line":88,"column":2}},"24":{"start":{"line":68,"column":2},"end":{"line":87,"column":3}},"25":{"start":{"line":69,"column":28},"end":{"line":80,"column":44}},"26":{"start":{"line":82,"column":4},"end":{"line":82,"column":26}},"27":{"start":{"line":82,"column":15},"end":{"line":82,"column":26}},"28":{"start":{"line":84,"column":4},"end":{"line":84,"column":37}},"29":{"start":{"line":86,"column":4},"end":{"line":86,"column":15}},"30":{"start":{"line":90,"column":0},"end":{"line":116,"column":2}},"31":{"start":{"line":91,"column":2},"end":{"line":115,"column":3}},"32":{"start":{"line":92,"column":19},"end":{"line":92,"column":29}},"33":{"start":{"line":94,"column":28},"end":{"line":99,"column":15}},"34":{"start":{"line":101,"column":4},"end":{"line":101,"column":26}},"35":{"start":{"line":101,"column":15},"end":{"line":101,"column":26}},"36":{"start":{"line":102,"column":4},"end":{"line":102,"column":96}},"37":{"start":{"line":102,"column":15},"end":{"line":102,"column":96}},"38":{"start":{"line":104,"column":4},"end":{"line":104,"column":65}},"39":{"start":{"line":106,"column":4},"end":{"line":106,"column":116}},"40":{"start":{"line":107,"column":4},"end":{"line":107,"column":69}},"41":{"start":{"line":108,"column":4},"end":{"line":108,"column":76}},"42":{"start":{"line":109,"column":4},"end":{"line":109,"column":83}},"43":{"start":{"line":111,"column":4},"end":{"line":111,"column":40}},"44":{"start":{"line":112,"column":4},"end":{"line":112,"column":37}},"45":{"start":{"line":114,"column":4},"end":{"line":114,"column":15}},"46":{"start":{"line":118,"column":0},"end":{"line":144,"column":2}},"47":{"start":{"line":119,"column":2},"end":{"line":143,"column":3}},"48":{"start":{"line":120,"column":19},"end":{"line":120,"column":29}},"49":{"start":{"line":122,"column":28},"end":{"line":127,"column":15}},"50":{"start":{"line":129,"column":4},"end":{"line":129,"column":26}},"51":{"start":{"line":129,"column":15},"end":{"line":129,"column":26}},"52":{"start":{"line":130,"column":4},"end":{"line":130,"column":96}},"53":{"start":{"line":130,"column":15},"end":{"line":130,"column":96}},"54":{"start":{"line":132,"column":4},"end":{"line":132,"column":65}},"55":{"start":{"line":134,"column":4},"end":{"line":134,"column":116}},"56":{"start":{"line":135,"column":4},"end":{"line":135,"column":68}},"57":{"start":{"line":136,"column":4},"end":{"line":136,"column":76}},"58":{"start":{"line":137,"column":4},"end":{"line":137,"column":83}},"59":{"start":{"line":139,"column":4},"end":{"line":139,"column":40}},"60":{"start":{"line":140,"column":4},"end":{"line":140,"column":37}},"61":{"start":{"line":142,"column":4},"end":{"line":142,"column":15}}},"fnMap":{"0":{"name":"(anonymous_0)","decl":{"start":{"line":15,"column":70},"end":{"line":15,"column":71}},"loc":{"start":{"line":15,"column":96},"end":{"line":49,"column":1}},"line":15},"1":{"name":"(anonymous_1)","decl":{"start":{"line":51,"column":48},"end":{"line":51,"column":49}},"loc":{"start":{"line":51,"column":74},"end":{"line":65,"column":1}},"line":51},"2":{"name":"(anonymous_2)","decl":{"start":{"line":67,"column":48},"end":{"line":67,"column":49}},"loc":{"start":{"line":67,"column":74},"end":{"line":88,"column":1}},"line":67},"3":{"name":"(anonymous_3)","decl":{"start":{"line":90,"column":58},"end":{"line":90,"column":59}},"loc":{"start":{"line":90,"column":84},"end":{"line":116,"column":1}},"line":90},"4":{"name":"(anonymous_4)","decl":{"start":{"line":118,"column":57},"end":{"line":118,"column":58}},"loc":{"start":{"line":118,"column":83},"end":{"line":144,"column":1}},"line":118}},"branchMap":{"0":{"loc":{"start":{"line":21,"column":4},"end":{"line":23,"column":5}},"type":"if","locations":[{"start":{"line":21,"column":4},"end":{"line":23,"column":5}},{"start":{},"end":{}}],"line":21},"1":{"loc":{"start":{"line":25,"column":4},"end":{"line":27,"column":5}},"type":"if","locations":[{"start":{"line":25,"column":4},"end":{"line":27,"column":5}},{"start":{},"end":{}}],"line":25},"2":{"loc":{"start":{"line":41,"column":4},"end":{"line":41,"column":26}},"type":"if","locations":[{"start":{"line":41,"column":4},"end":{"line":41,"column":26}},{"start":{},"end":{}}],"line":41},"3":{"loc":{"start":{"line":59,"column":4},"end":{"line":59,"column":26}},"type":"if","locations":[{"start":{"line":59,"column":4},"end":{"line":59,"column":26}},{"start":{},"end":{}}],"line":59},"4":{"loc":{"start":{"line":82,"column":4},"end":{"line":82,"column":26}},"type":"if","locations":[{"start":{"line":82,"column":4},"end":{"line":82,"column":26}},{"start":{},"end":{}}],"line":82},"5":{"loc":{"start":{"line":101,"column":4},"end":{"line":101,"column":26}},"type":"if","locations":[{"start":{"line":101,"column":4},"end":{"line":101,"column":26}},{"start":{},"end":{}}],"line":101},"6":{"loc":{"start":{"line":102,"column":4},"end":{"line":102,"column":96}},"type":"if","locations":[{"start":{"line":102,"column":4},"end":{"line":102,"column":96}},{"start":{},"end":{}}],"line":102},"7":{"loc":{"start":{"line":129,"column":4},"end":{"line":129,"column":26}},"type":"if","locations":[{"start":{"line":129,"column":4},"end":{"line":129,"column":26}},{"start":{},"end":{}}],"line":129},"8":{"loc":{"start":{"line":130,"column":4},"end":{"line":130,"column":96}},"type":"if","locations":[{"start":{"line":130,"column":4},"end":{"line":130,"column":96}},{"start":{},"end":{}}],"line":130}},"s":{"0":14,"1":14,"2":3,"3":3,"4":3,"5":3,"6":1,"7":2,"8":1,"9":1,"10":1,"11":0,"12":1,"13":1,"14":1,"15":0,"16":14,"17":2,"18":2,"19":2,"20":0,"21":2,"22":0,"23":14,"24":1,"25":1,"26":1,"27":0,"28":1,"29":0,"30":14,"31":2,"32":2,"33":2,"34":2,"35":0,"36":2,"37":1,"38":1,"39":1,"40":1,"41":1,"42":1,"43":1,"44":1,"45":0,"46":14,"47":1,"48":1,"49":1,"50":1,"51":0,"52":1,"53":0,"54":1,"55":1,"56":1,"57":1,"58":1,"59":1,"60":1,"61":0},"f":{"0":3,"1":2,"2":1,"3":2,"4":1},"b":{"0":[1,2],"1":[1,1],"2":[0,1],"3":[0,2],"4":[0,1],"5":[0,2],"6":[1,1],"7":[0,1],"8":[0,1]},"inputSourceMap":null,"_coverageSchema":"1a1c01bbd47fc00a2c39e90264f33305004495a9","hash":"8c595d4b72f6520241750f1e0d019bf5eb039731"}
,"/Users/kartikeyagrawal/Desktop/nivo/hostelmate/apps/server/src/routes/lost-found.js": {"path":"/Users/kartikeyagrawal/Desktop/nivo/hostelmate/apps/server/src/routes/lost-found.js","statementMap":{"0":{"start":{"line":12,"column":15},"end":{"line":12,"column":23}},"1":{"start":{"line":14,"column":0},"end":{"line":79,"column":2}},"2":{"start":{"line":15,"column":2},"end":{"line":78,"column":3}},"3":{"start":{"line":16,"column":63},"end":{"line":16,"column":71}},"4":{"start":{"line":18,"column":36},"end":{"line":29,"column":15}},"5":{"start":{"line":31,"column":4},"end":{"line":31,"column":26}},"6":{"start":{"line":31,"column":15},"end":{"line":31,"column":26}},"7":{"start":{"line":33,"column":4},"end":{"line":33,"column":76}},"8":{"start":{"line":35,"column":4},"end":{"line":72,"column":5}},"9":{"start":{"line":36,"column":29},"end":{"line":36,"column":72}},"10":{"start":{"line":37,"column":38},"end":{"line":41,"column":29}},"11":{"start":{"line":43,"column":6},"end":{"line":69,"column":7}},"12":{"start":{"line":44,"column":24},"end":{"line":44,"column":64}},"13":{"start":{"line":46,"column":8},"end":{"line":68,"column":9}},"14":{"start":{"line":47,"column":28},"end":{"line":47,"column":38}},"15":{"start":{"line":48,"column":10},"end":{"line":48,"column":96}},"16":{"start":{"line":50,"column":10},"end":{"line":56,"column":11}},"17":{"start":{"line":58,"column":10},"end":{"line":58,"column":45}},"18":{"start":{"line":59,"column":10},"end":{"line":67,"column":12}},"19":{"start":{"line":71,"column":6},"end":{"line":71,"column":70}},"20":{"start":{"line":74,"column":4},"end":{"line":74,"column":39}},"21":{"start":{"line":75,"column":4},"end":{"line":75,"column":45}},"22":{"start":{"line":77,"column":4},"end":{"line":77,"column":15}},"23":{"start":{"line":81,"column":0},"end":{"line":124,"column":2}},"24":{"start":{"line":82,"column":2},"end":{"line":123,"column":3}},"25":{"start":{"line":83,"column":23},"end":{"line":83,"column":32}},"26":{"start":{"line":85,"column":4},"end":{"line":93,"column":5}},"27":{"start":{"line":86,"column":23},"end":{"line":86,"column":39}},"28":{"start":{"line":87,"column":21},"end":{"line":87,"column":45}},"29":{"start":{"line":88,"column":6},"end":{"line":91,"column":7}},"30":{"start":{"line":89,"column":8},"end":{"line":89,"column":48}},"31":{"start":{"line":90,"column":8},"end":{"line":90,"column":56}},"32":{"start":{"line":92,"column":6},"end":{"line":92,"column":47}},"33":{"start":{"line":95,"column":16},"end":{"line":106,"column":48}},"34":{"start":{"line":108,"column":4},"end":{"line":110,"column":5}},"35":{"start":{"line":109,"column":6},"end":{"line":109,"column":40}},"36":{"start":{"line":112,"column":28},"end":{"line":112,"column":39}},"37":{"start":{"line":114,"column":4},"end":{"line":114,"column":26}},"38":{"start":{"line":114,"column":15},"end":{"line":114,"column":26}},"39":{"start":{"line":116,"column":4},"end":{"line":118,"column":5}},"40":{"start":{"line":117,"column":6},"end":{"line":117,"column":49}},"41":{"start":{"line":120,"column":4},"end":{"line":120,"column":37}},"42":{"start":{"line":122,"column":4},"end":{"line":122,"column":15}},"43":{"start":{"line":126,"column":0},"end":{"line":145,"column":2}},"44":{"start":{"line":127,"column":2},"end":{"line":144,"column":3}},"45":{"start":{"line":128,"column":19},"end":{"line":128,"column":29}},"46":{"start":{"line":130,"column":28},"end":{"line":135,"column":15}},"47":{"start":{"line":137,"column":4},"end":{"line":137,"column":26}},"48":{"start":{"line":137,"column":15},"end":{"line":137,"column":26}},"49":{"start":{"line":139,"column":4},"end":{"line":139,"column":75}},"50":{"start":{"line":140,"column":4},"end":{"line":140,"column":39}},"51":{"start":{"line":141,"column":4},"end":{"line":141,"column":37}},"52":{"start":{"line":143,"column":4},"end":{"line":143,"column":15}}},"fnMap":{"0":{"name":"(anonymous_0)","decl":{"start":{"line":14,"column":74},"end":{"line":14,"column":75}},"loc":{"start":{"line":14,"column":100},"end":{"line":79,"column":1}},"line":14},"1":{"name":"(anonymous_1)","decl":{"start":{"line":81,"column":30},"end":{"line":81,"column":31}},"loc":{"start":{"line":81,"column":56},"end":{"line":124,"column":1}},"line":81},"2":{"name":"(anonymous_2)","decl":{"start":{"line":126,"column":41},"end":{"line":126,"column":42}},"loc":{"start":{"line":126,"column":67},"end":{"line":145,"column":1}},"line":126}},"branchMap":{"0":{"loc":{"start":{"line":25,"column":16},"end":{"line":25,"column":32}},"type":"binary-expr","locations":[{"start":{"line":25,"column":16},"end":{"line":25,"column":22}},{"start":{"line":25,"column":26},"end":{"line":25,"column":32}}],"line":25},"1":{"loc":{"start":{"line":31,"column":4},"end":{"line":31,"column":26}},"type":"if","locations":[{"start":{"line":31,"column":4},"end":{"line":31,"column":26}},{"start":{},"end":{}}],"line":31},"2":{"loc":{"start":{"line":36,"column":29},"end":{"line":36,"column":72}},"type":"cond-expr","locations":[{"start":{"line":36,"column":56},"end":{"line":36,"column":63}},{"start":{"line":36,"column":66},"end":{"line":36,"column":72}}],"line":36},"3":{"loc":{"start":{"line":43,"column":6},"end":{"line":69,"column":7}},"type":"if","locations":[{"start":{"line":43,"column":6},"end":{"line":69,"column":7}},{"start":{},"end":{}}],"line":43},"4":{"loc":{"start":{"line":43,"column":10},"end":{"line":43,"column":51}},"type":"binary-expr","locations":[{"start":{"line":43,"column":10},"end":{"line":43,"column":23}},{"start":{"line":43,"column":27},"end":{"line":43,"column":51}}],"line":43},"5":{"loc":{"start":{"line":46,"column":8},"end":{"line":68,"column":9}},"type":"if","locations":[{"start":{"line":46,"column":8},"end":{"line":68,"column":9}},{"start":{},"end":{}}],"line":46},"6":{"loc":{"start":{"line":85,"column":4},"end":{"line":93,"column":5}},"type":"if","locations":[{"start":{"line":85,"column":4},"end":{"line":93,"column":5}},{"start":{},"end":{}}],"line":85},"7":{"loc":{"start":{"line":88,"column":6},"end":{"line":91,"column":7}},"type":"if","locations":[{"start":{"line":88,"column":6},"end":{"line":91,"column":7}},{"start":{},"end":{}}],"line":88},"8":{"loc":{"start":{"line":108,"column":4},"end":{"line":110,"column":5}},"type":"if","locations":[{"start":{"line":108,"column":4},"end":{"line":110,"column":5}},{"start":{},"end":{}}],"line":108},"9":{"loc":{"start":{"line":114,"column":4},"end":{"line":114,"column":26}},"type":"if","locations":[{"start":{"line":114,"column":4},"end":{"line":114,"column":26}},{"start":{},"end":{}}],"line":114},"10":{"loc":{"start":{"line":116,"column":4},"end":{"line":118,"column":5}},"type":"if","locations":[{"start":{"line":116,"column":4},"end":{"line":118,"column":5}},{"start":{},"end":{}}],"line":116},"11":{"loc":{"start":{"line":137,"column":4},"end":{"line":137,"column":26}},"type":"if","locations":[{"start":{"line":137,"column":4},"end":{"line":137,"column":26}},{"start":{},"end":{}}],"line":137}},"s":{"0":14,"1":14,"2":4,"3":4,"4":4,"5":4,"6":0,"7":4,"8":4,"9":4,"10":4,"11":4,"12":2,"13":2,"14":2,"15":2,"16":2,"17":2,"18":2,"19":0,"20":2,"21":2,"22":0,"23":14,"24":2,"25":2,"26":2,"27":1,"28":1,"29":1,"30":0,"31":0,"32":1,"33":2,"34":2,"35":1,"36":2,"37":2,"38":0,"39":2,"40":1,"41":2,"42":0,"43":14,"44":1,"45":1,"46":1,"47":1,"48":0,"49":1,"50":1,"51":1,"52":0},"f":{"0":4,"1":2,"2":1},"b":{"0":[4,0],"1":[0,4],"2":[3,1],"3":[2,2],"4":[4,4],"5":[2,0],"6":[1,1],"7":[0,1],"8":[1,1],"9":[0,2],"10":[1,1],"11":[0,1]},"inputSourceMap":null,"_coverageSchema":"1a1c01bbd47fc00a2c39e90264f33305004495a9","hash":"b4ffb6366f500f8280731224177a34a0b7ab63ee"}
,"/Users/kartikeyagrawal/Desktop/nivo/hostelmate/apps/server/src/routes/mess.js": {"path":"/Users/kartikeyagrawal/Desktop/nivo/hostelmate/apps/server/src/routes/mess.js","statementMap":{"0":{"start":{"line":10,"column":15},"end":{"line":10,"column":23}},"1":{"start":{"line":12,"column":0},"end":{"line":34,"column":2}},"2":{"start":{"line":13,"column":2},"end":{"line":33,"column":3}},"3":{"start":{"line":14,"column":21},"end":{"line":14,"column":32}},"4":{"start":{"line":15,"column":19},"end":{"line":15,"column":43}},"5":{"start":{"line":16,"column":4},"end":{"line":19,"column":5}},"6":{"start":{"line":17,"column":6},"end":{"line":17,"column":41}},"7":{"start":{"line":18,"column":6},"end":{"line":18,"column":54}},"8":{"start":{"line":20,"column":4},"end":{"line":20,"column":40}},"9":{"start":{"line":22,"column":28},"end":{"line":25,"column":27}},"10":{"start":{"line":27,"column":4},"end":{"line":27,"column":26}},"11":{"start":{"line":27,"column":15},"end":{"line":27,"column":26}},"12":{"start":{"line":29,"column":4},"end":{"line":29,"column":40}},"13":{"start":{"line":30,"column":4},"end":{"line":30,"column":37}},"14":{"start":{"line":32,"column":4},"end":{"line":32,"column":15}},"15":{"start":{"line":36,"column":0},"end":{"line":60,"column":2}},"16":{"start":{"line":37,"column":2},"end":{"line":59,"column":3}},"17":{"start":{"line":38,"column":46},"end":{"line":38,"column":54}},"18":{"start":{"line":40,"column":28},"end":{"line":47,"column":15}},"19":{"start":{"line":49,"column":4},"end":{"line":49,"column":26}},"20":{"start":{"line":49,"column":15},"end":{"line":49,"column":26}},"21":{"start":{"line":51,"column":4},"end":{"line":51,"column":86}},"22":{"start":{"line":53,"column":4},"end":{"line":53,"column":34}},"23":{"start":{"line":54,"column":4},"end":{"line":54,"column":40}},"24":{"start":{"line":56,"column":4},"end":{"line":56,"column":37}},"25":{"start":{"line":58,"column":4},"end":{"line":58,"column":15}},"26":{"start":{"line":62,"column":0},"end":{"line":92,"column":2}},"27":{"start":{"line":63,"column":2},"end":{"line":91,"column":3}},"28":{"start":{"line":64,"column":50},"end":{"line":64,"column":58}},"29":{"start":{"line":66,"column":28},"end":{"line":79,"column":15}},"30":{"start":{"line":81,"column":4},"end":{"line":81,"column":26}},"31":{"start":{"line":81,"column":15},"end":{"line":81,"column":26}},"32":{"start":{"line":83,"column":4},"end":{"line":83,"column":86}},"33":{"start":{"line":85,"column":4},"end":{"line":85,"column":37}},"34":{"start":{"line":86,"column":4},"end":{"line":86,"column":40}},"35":{"start":{"line":88,"column":4},"end":{"line":88,"column":37}},"36":{"start":{"line":90,"column":4},"end":{"line":90,"column":15}},"37":{"start":{"line":94,"column":0},"end":{"line":139,"column":2}},"38":{"start":{"line":95,"column":2},"end":{"line":138,"column":3}},"39":{"start":{"line":96,"column":21},"end":{"line":96,"column":35}},"40":{"start":{"line":97,"column":19},"end":{"line":97,"column":43}},"41":{"start":{"line":98,"column":4},"end":{"line":101,"column":5}},"42":{"start":{"line":99,"column":6},"end":{"line":99,"column":44}},"43":{"start":{"line":100,"column":6},"end":{"line":100,"column":54}},"44":{"start":{"line":102,"column":4},"end":{"line":102,"column":43}},"45":{"start":{"line":104,"column":28},"end":{"line":115,"column":42}},"46":{"start":{"line":117,"column":4},"end":{"line":117,"column":26}},"47":{"start":{"line":117,"column":15},"end":{"line":117,"column":26}},"48":{"start":{"line":120,"column":21},"end":{"line":127,"column":10}},"49":{"start":{"line":121,"column":6},"end":{"line":123,"column":7}},"50":{"start":{"line":122,"column":8},"end":{"line":122,"column":60}},"51":{"start":{"line":124,"column":6},"end":{"line":124,"column":56}},"52":{"start":{"line":125,"column":6},"end":{"line":125,"column":38}},"53":{"start":{"line":126,"column":6},"end":{"line":126,"column":16}},"54":{"start":{"line":129,"column":4},"end":{"line":131,"column":6}},"55":{"start":{"line":130,"column":6},"end":{"line":130,"column":87}},"56":{"start":{"line":133,"column":25},"end":{"line":133,"column":52}},"57":{"start":{"line":134,"column":4},"end":{"line":134,"column":47}},"58":{"start":{"line":135,"column":4},"end":{"line":135,"column":51}},"59":{"start":{"line":137,"column":4},"end":{"line":137,"column":15}}},"fnMap":{"0":{"name":"(anonymous_0)","decl":{"start":{"line":12,"column":34},"end":{"line":12,"column":35}},"loc":{"start":{"line":12,"column":60},"end":{"line":34,"column":1}},"line":12},"1":{"name":"(anonymous_1)","decl":{"start":{"line":36,"column":75},"end":{"line":36,"column":76}},"loc":{"start":{"line":36,"column":101},"end":{"line":60,"column":1}},"line":36},"2":{"name":"(anonymous_2)","decl":{"start":{"line":62,"column":81},"end":{"line":62,"column":82}},"loc":{"start":{"line":62,"column":107},"end":{"line":92,"column":1}},"line":62},"3":{"name":"(anonymous_3)","decl":{"start":{"line":94,"column":52},"end":{"line":94,"column":53}},"loc":{"start":{"line":94,"column":78},"end":{"line":139,"column":1}},"line":94},"4":{"name":"(anonymous_4)","decl":{"start":{"line":120,"column":33},"end":{"line":120,"column":34}},"loc":{"start":{"line":120,"column":50},"end":{"line":127,"column":5}},"line":120},"5":{"name":"(anonymous_5)","decl":{"start":{"line":129,"column":34},"end":{"line":129,"column":35}},"loc":{"start":{"line":129,"column":47},"end":{"line":131,"column":5}},"line":129}},"branchMap":{"0":{"loc":{"start":{"line":16,"column":4},"end":{"line":19,"column":5}},"type":"if","locations":[{"start":{"line":16,"column":4},"end":{"line":19,"column":5}},{"start":{},"end":{}}],"line":16},"1":{"loc":{"start":{"line":27,"column":4},"end":{"line":27,"column":26}},"type":"if","locations":[{"start":{"line":27,"column":4},"end":{"line":27,"column":26}},{"start":{},"end":{}}],"line":27},"2":{"loc":{"start":{"line":49,"column":4},"end":{"line":49,"column":26}},"type":"if","locations":[{"start":{"line":49,"column":4},"end":{"line":49,"column":26}},{"start":{},"end":{}}],"line":49},"3":{"loc":{"start":{"line":81,"column":4},"end":{"line":81,"column":26}},"type":"if","locations":[{"start":{"line":81,"column":4},"end":{"line":81,"column":26}},{"start":{},"end":{}}],"line":81},"4":{"loc":{"start":{"line":98,"column":4},"end":{"line":101,"column":5}},"type":"if","locations":[{"start":{"line":98,"column":4},"end":{"line":101,"column":5}},{"start":{},"end":{}}],"line":98},"5":{"loc":{"start":{"line":117,"column":4},"end":{"line":117,"column":26}},"type":"if","locations":[{"start":{"line":117,"column":4},"end":{"line":117,"column":26}},{"start":{},"end":{}}],"line":117},"6":{"loc":{"start":{"line":121,"column":6},"end":{"line":123,"column":7}},"type":"if","locations":[{"start":{"line":121,"column":6},"end":{"line":123,"column":7}},{"start":{},"end":{}}],"line":121}},"s":{"0":14,"1":14,"2":2,"3":2,"4":2,"5":2,"6":1,"7":1,"8":1,"9":1,"10":1,"11":0,"12":1,"13":1,"14":0,"15":14,"16":1,"17":1,"18":1,"19":1,"20":0,"21":1,"22":1,"23":1,"24":1,"25":0,"26":14,"27":1,"28":1,"29":1,"30":1,"31":0,"32":1,"33":1,"34":1,"35":1,"36":0,"37":14,"38":1,"39":1,"40":1,"41":1,"42":0,"43":0,"44":1,"45":1,"46":1,"47":0,"48":1,"49":0,"50":0,"51":0,"52":0,"53":0,"54":1,"55":0,"56":1,"57":1,"58":1,"59":0},"f":{"0":2,"1":1,"2":1,"3":1,"4":0,"5":0},"b":{"0":[1,1],"1":[0,1],"2":[0,1],"3":[0,1],"4":[0,1],"5":[0,1],"6":[0,0]},"inputSourceMap":null,"_coverageSchema":"1a1c01bbd47fc00a2c39e90264f33305004495a9","hash":"59c6fe79882c10624d051ec71eadb783830f28ed"}
[...]
,"/Users/kartikeyagrawal/Desktop/nivo/hostelmate/apps/server/src/routes/staff-feedback.js": {"path":"/Users/kartikeyagrawal/Desktop/nivo/hostelmate/apps/server/src/routes/staff-feedback.js","statementMap":{"0":{"start":{"line":9,"column":15},"end":{"line":9,"column":23}},"1":{"start":{"line":11,"column":28},"end":{"line":15,"column":2}},"2":{"start":{"line":18,"column":0},"end":{"line":58,"column":2}},"3":{"start":{"line":19,"column":2},"end":{"line":57,"column":3}},"4":{"start":{"line":20,"column":54},"end":{"line":22,"column":18}},"5":{"start":{"line":24,"column":4},"end":{"line":24,"column":36}},"6":{"start":{"line":24,"column":20},"end":{"line":24,"column":36}},"7":{"start":{"line":26,"column":56},"end":{"line":28,"column":18}},"8":{"start":{"line":30,"column":4},"end":{"line":30,"column":42}},"9":{"start":{"line":30,"column":23},"end":{"line":30,"column":42}},"10":{"start":{"line":32,"column":25},"end":{"line":32,"column":46}},"11":{"start":{"line":33,"column":24},"end":{"line":33,"column":48}},"12":{"start":{"line":35,"column":20},"end":{"line":52,"column":6}},"13":{"start":{"line":36,"column":28},"end":{"line":36,"column":76}},"14":{"start":{"line":36,"column":52},"end":{"line":36,"column":75}},"15":{"start":{"line":37,"column":28},"end":{"line":37,"column":48}},"16":{"start":{"line":38,"column":29},"end":{"line":40,"column":11}},"17":{"start":{"line":39,"column":46},"end":{"line":39,"column":63}},"18":{"start":{"line":41,"column":33},"end":{"line":44,"column":15}},"19":{"start":{"line":42,"column":18},"end":{"line":42,"column":40}},"20":{"start":{"line":43,"column":8},"end":{"line":43,"column":79}},"21":{"start":{"line":46,"column":6},"end":{"line":51,"column":7}},"22":{"start":{"line":54,"column":4},"end":{"line":54,"column":46}},"23":{"start":{"line":56,"column":4},"end":{"line":56,"column":15}},"24":{"start":{"line":61,"column":0},"end":{"line":96,"column":2}},"25":{"start":{"line":62,"column":2},"end":{"line":95,"column":3}},"26":{"start":{"line":63,"column":24},"end":{"line":63,"column":34}},"27":{"start":{"line":65,"column":42},"end":{"line":76,"column":48}},"28":{"start":{"line":78,"column":4},"end":{"line":78,"column":26}},"29":{"start":{"line":78,"column":15},"end":{"line":78,"column":26}},"30":{"start":{"line":80,"column":26},"end":{"line":80,"column":45}},"31":{"start":{"line":81,"column":27},"end":{"line":83,"column":9}},"32":{"start":{"line":82,"column":43},"end":{"line":82,"column":60}},"33":{"start":{"line":85,"column":4},"end":{"line":92,"column":6}},"34":{"start":{"line":94,"column":4},"end":{"line":94,"column":15}},"35":{"start":{"line":99,"column":0},"end":{"line":150,"column":2}},"36":{"start":{"line":100,"column":2},"end":{"line":149,"column":3}},"37":{"start":{"line":101,"column":42},"end":{"line":101,"column":50}},"38":{"start":{"line":102,"column":23},"end":{"line":102,"column":34}},"39":{"start":{"line":105,"column":47},"end":{"line":109,"column":15}},"40":{"start":{"line":111,"column":4},"end":{"line":113,"column":5}},"41":{"start":{"line":112,"column":6},"end":{"line":112,"column":86}},"42":{"start":{"line":116,"column":18},"end":{"line":116,"column":56}},"43":{"start":{"line":117,"column":57},"end":{"line":123,"column":50}},"44":{"start":{"line":125,"column":4},"end":{"line":125,"column":38}},"45":{"start":{"line":125,"column":21},"end":{"line":125,"column":38}},"46":{"start":{"line":127,"column":4},"end":{"line":129,"column":5}},"47":{"start":{"line":128,"column":6},"end":{"line":128,"column":113}},"48":{"start":{"line":132,"column":49},"end":{"line":141,"column":15}},"49":{"start":{"line":143,"column":4},"end":{"line":143,"column":38}},"50":{"start":{"line":143,"column":21},"end":{"line":143,"column":38}},"51":{"start":{"line":145,"column":4},"end":{"line":145,"column":90}},"52":{"start":{"line":146,"column":4},"end":{"line":146,"column":45}},"53":{"start":{"line":148,"column":4},"end":{"line":148,"column":15}}},"fnMap":{"0":{"name":"(anonymous_0)","decl":{"start":{"line":18,"column":30},"end":{"line":18,"column":31}},"loc":{"start":{"line":18,"column":56},"end":{"line":58,"column":1}},"line":18},"1":{"name":"(anonymous_1)","decl":{"start":{"line":35,"column":37},"end":{"line":35,"column":38}},"loc":{"start":{"line":35,"column":46},"end":{"line":52,"column":5}},"line":35},"2":{"name":"(anonymous_2)","decl":{"start":{"line":36,"column":47},"end":{"line":36,"column":48}},"loc":{"start":{"line":36,"column":52},"end":{"line":36,"column":75}},"line":36},"3":{"name":"(anonymous_3)","decl":{"start":{"line":39,"column":31},"end":{"line":39,"column":32}},"loc":{"start":{"line":39,"column":46},"end":{"line":39,"column":63}},"line":39},"4":{"name":"(anonymous_4)","decl":{"start":{"line":41,"column":54},"end":{"line":41,"column":55}},"loc":{"start":{"line":41,"column":59},"end":{"line":44,"column":7}},"line":41},"5":{"name":"(anonymous_5)","decl":{"start":{"line":61,"column":38},"end":{"line":61,"column":39}},"loc":{"start":{"line":61,"column":64},"end":{"line":96,"column":1}},"line":61},"6":{"name":"(anonymous_6)","decl":{"start":{"line":82,"column":28},"end":{"line":82,"column":29}},"loc":{"start":{"line":82,"column":43},"end":{"line":82,"column":60}},"line":82},"7":{"name":"(anonymous_7)","decl":{"start":{"line":99,"column":78},"end":{"line":99,"column":79}},"loc":{"start":{"line":99,"column":104},"end":{"line":150,"column":1}},"line":99}},"branchMap":{"0":{"loc":{"start":{"line":24,"column":4},"end":{"line":24,"column":36}},"type":"if","locations":[{"start":{"line":24,"column":4},"end":{"line":24,"column":36}},{"start":{},"end":{}}],"line":24},"1":{"loc":{"start":{"line":30,"column":4},"end":{"line":30,"column":42}},"type":"if","locations":[{"start":{"line":30,"column":4},"end":{"line":30,"column":42}},{"start":{},"end":{}}],"line":30},"2":{"loc":{"start":{"line":38,"column":29},"end":{"line":40,"column":11}},"type":"cond-expr","locations":[{"start":{"line":39,"column":10},"end":{"line":39,"column":83}},{"start":{"line":40,"column":10},"end":{"line":40,"column":11}}],"line":38},"3":{"loc":{"start":{"line":43,"column":15},"end":{"line":43,"column":79}},"type":"binary-expr","locations":[{"start":{"line":43,"column":15},"end":{"line":43,"column":44}},{"start":{"line":43,"column":48},"end":{"line":43,"column":79}}],"line":43},"4":{"loc":{"start":{"line":78,"column":4},"end":{"line":78,"column":26}},"type":"if","locations":[{"start":{"line":78,"column":4},"end":{"line":78,"column":26}},{"start":{},"end":{}}],"line":78},"5":{"loc":{"start":{"line":81,"column":27},"end":{"line":83,"column":9}},"type":"cond-expr","locations":[{"start":{"line":82,"column":8},"end":{"line":82,"column":80}},{"start":{"line":83,"column":8},"end":{"line":83,"column":9}}],"line":81},"6":{"loc":{"start":{"line":111,"column":4},"end":{"line":113,"column":5}},"type":"if","locations":[{"start":{"line":111,"column":4},"end":{"line":113,"column":5}},{"start":{},"end":{}}],"line":111},"7":{"loc":{"start":{"line":111,"column":8},"end":{"line":111,"column":28}},"type":"binary-expr","locations":[{"start":{"line":111,"column":8},"end":{"line":111,"column":18}},{"start":{"line":111,"column":22},"end":{"line":111,"column":28}}],"line":111},"8":{"loc":{"start":{"line":125,"column":4},"end":{"line":125,"column":38}},"type":"if","locations":[{"start":{"line":125,"column":4},"end":{"line":125,"column":38}},{"start":{},"end":{}}],"line":125},"9":{"loc":{"start":{"line":127,"column":4},"end":{"line":129,"column":5}},"type":"if","locations":[{"start":{"line":127,"column":4},"end":{"line":129,"column":5}},{"start":{},"end":{}}],"line":127},"10":{"loc":{"start":{"line":127,"column":8},"end":{"line":127,"column":51}},"type":"binary-expr","locations":[{"start":{"line":127,"column":8},"end":{"line":127,"column":22}},{"start":{"line":127,"column":26},"end":{"line":127,"column":51}}],"line":127},"11":{"loc":{"start":{"line":143,"column":4},"end":{"line":143,"column":38}},"type":"if","locations":[{"start":{"line":143,"column":4},"end":{"line":143,"column":38}},{"start":{},"end":{}}],"line":143}},"s":{"0":14,"1":14,"2":14,"3":1,"4":1,"5":1,"6":0,"7":1,"8":1,"9":0,"10":1,"11":1,"12":1,"13":1,"14":1,"15":1,"16":1,"17":1,"18":1,"19":1,"20":1,"21":1,"22":1,"23":0,"24":14,"25":1,"26":1,"27":1,"28":1,"29":0,"30":1,"31":1,"32":1,"33":1,"34":0,"35":14,"36":2,"37":2,"38":2,"39":2,"40":2,"41":0,"42":2,"43":2,"44":2,"45":0,"46":2,"47":1,"48":1,"49":1,"50":0,"51":1,"52":1,"53":0},"f":{"0":1,"1":1,"2":1,"3":1,"4":1,"5":1,"6":1,"7":2},"b":{"0":[0,1],"1":[0,1],"2":[1,0],"3":[1,1],"4":[0,1],"5":[1,0],"6":[0,2],"7":[2,2],"8":[0,2],"9":[1,1],"10":[2,2],"11":[0,1]},"inputSourceMap":null,"_coverageSchema":"1a1c01bbd47fc00a2c39e90264f33305004495a9","hash":"26d3ab4180a31d3cff673d75e539d25e05cac2bb"}
,"/Users/kartikeyagrawal/Desktop/nivo/hostelmate/apps/server/src/routes/stats.js": {"path":"/Users/kartikeyagrawal/Desktop/nivo/hostelmate/apps/server/src/routes/stats.js","statementMap":{"0":{"start":{"line":8,"column":15},"end":{"line":8,"column":23}},"1":{"start":{"line":10,"column":0},"end":{"line":99,"column":2}},"2":{"start":{"line":11,"column":2},"end":{"line":98,"column":3}},"3":{"start":{"line":12,"column":18},"end":{"line":12,"column":56}},"4":{"start":{"line":13,"column":25},"end":{"line":13,"column":54}},"5":{"start":{"line":15,"column":21},"end":{"line":15,"column":38}},"6":{"start":{"line":16,"column":19},"end":{"line":16,"column":43}},"7":{"start":{"line":17,"column":4},"end":{"line":20,"column":5}},"8":{"start":{"line":18,"column":6},"end":{"line":18,"column":47}},"9":{"start":{"line":19,"column":6},"end":{"line":19,"column":54}},"10":{"start":{"line":21,"column":4},"end":{"line":21,"column":46}},"11":{"start":{"line":35,"column":8},"end":{"line":46,"column":6}},"12":{"start":{"line":48,"column":18},"end":{"line":48,"column":36}},"13":{"start":{"line":49,"column":20},"end":{"line":49,"column":37}},"14":{"start":{"line":50,"column":19},"end":{"line":50,"column":34}},"15":{"start":{"line":51,"column":23},"end":{"line":51,"column":75}},"16":{"start":{"line":53,"column":20},"end":{"line":53,"column":21}},"17":{"start":{"line":54,"column":21},"end":{"line":54,"column":22}},"18":{"start":{"line":55,"column":23},"end":{"line":55,"column":24}},"19":{"start":{"line":57,"column":4},"end":{"line":63,"column":5}},"20":{"start":{"line":58,"column":6},"end":{"line":62,"column":7}},"21":{"start":{"line":59,"column":8},"end":{"line":61,"column":58}},"22":{"start":{"line":59,"column":36},"end":{"line":59,"column":47}},"23":{"start":{"line":60,"column":13},"end":{"line":61,"column":58}},"24":{"start":{"line":60,"column":42},"end":{"line":60,"column":54}},"25":{"start":{"line":61,"column":13},"end":{"line":61,"column":58}},"26":{"start":{"line":61,"column":44},"end":{"line":61,"column":58}},"27":{"start":{"line":65,"column":22},"end":{"line":89,"column":5}},"28":{"start":{"line":91,"column":4},"end":{"line":91,"column":44}},"29":{"start":{"line":92,"column":4},"end":{"line":95,"column":6}},"30":{"start":{"line":97,"column":4},"end":{"line":97,"column":15}}},"fnMap":{"0":{"name":"(anonymous_0)","decl":{"start":{"line":10,"column":54},"end":{"line":10,"column":55}},"loc":{"start":{"line":10,"column":80},"end":{"line":99,"column":1}},"line":10}},"branchMap":{"0":{"loc":{"start":{"line":17,"column":4},"end":{"line":20,"column":5}},"type":"if","locations":[{"start":{"line":17,"column":4},"end":{"line":20,"column":5}},{"start":{},"end":{}}],"line":17},"1":{"loc":{"start":{"line":48,"column":18},"end":{"line":48,"column":36}},"type":"binary-expr","locations":[{"start":{"line":48,"column":18},"end":{"line":48,"column":31}},{"start":{"line":48,"column":35},"end":{"line":48,"column":36}}],"line":48},"2":{"loc":{"start":{"line":49,"column":20},"end":{"line":49,"column":37}},"type":"binary-expr","locations":[{"start":{"line":49,"column":20},"end":{"line":49,"column":32}},{"start":{"line":49,"column":36},"end":{"line":49,"column":37}}],"line":49},"3":{"loc":{"start":{"line":51,"column":23},"end":{"line":51,"column":75}},"type":"cond-expr","locations":[{"start":{"line":51,"column":35},"end":{"line":51,"column":71}},{"start":{"line":51,"column":74},"end":{"line":51,"column":75}}],"line":51},"4":{"loc":{"start":{"line":57,"column":4},"end":{"line":63,"column":5}},"type":"if","locations":[{"start":{"line":57,"column":4},"end":{"line":63,"column":5}},{"start":{},"end":{}}],"line":57},"5":{"loc":{"start":{"line":59,"column":8},"end":{"line":61,"column":58}},"type":"if","locations":[{"start":{"line":59,"column":8},"end":{"line":61,"column":58}},{"start":{"line":60,"column":13},"end":{"line":61,"column":58}}],"line":59},"6":{"loc":{"start":{"line":60,"column":13},"end":{"line":61,"column":58}},"type":"if","locations":[{"start":{"line":60,"column":13},"end":{"line":61,"column":58}},{"start":{"line":61,"column":13},"end":{"line":61,"column":58}}],"line":60},"7":{"loc":{"start":{"line":61,"column":13},"end":{"line":61,"column":58}},"type":"if","locations":[{"start":{"line":61,"column":13},"end":{"line":61,"column":58}},{"start":{},"end":{}}],"line":61},"8":{"loc":{"start":{"line":72,"column":23},"end":{"line":72,"column":41}},"type":"binary-expr","locations":[{"start":{"line":72,"column":23},"end":{"line":72,"column":36}},{"start":{"line":72,"column":40},"end":{"line":72,"column":41}}],"line":72},"9":{"loc":{"start":{"line":73,"column":29},"end":{"line":73,"column":53}},"type":"binary-expr","locations":[{"start":{"line":73,"column":29},"end":{"line":73,"column":48}},{"start":{"line":73,"column":52},"end":{"line":73,"column":53}}],"line":73},"10":{"loc":{"start":{"line":74,"column":29},"end":{"line":74,"column":53}},"type":"binary-expr","locations":[{"start":{"line":74,"column":29},"end":{"line":74,"column":48}},{"start":{"line":74,"column":52},"end":{"line":74,"column":53}}],"line":74},"11":{"loc":{"start":{"line":77,"column":20},"end":{"line":77,"column":39}},"type":"binary-expr","locations":[{"start":{"line":77,"column":20},"end":{"line":77,"column":34}},{"start":{"line":77,"column":38},"end":{"line":77,"column":39}}],"line":77},"12":{"loc":{"start":{"line":78,"column":27},"end":{"line":78,"column":52}},"type":"binary-expr","locations":[{"start":{"line":78,"column":27},"end":{"line":78,"column":47}},{"start":{"line":78,"column":51},"end":{"line":78,"column":52}}],"line":78},"13":{"loc":{"start":{"line":79,"column":29},"end":{"line":79,"column":57}},"type":"binary-expr","locations":[{"start":{"line":79,"column":29},"end":{"line":79,"column":52}},{"start":{"line":79,"column":56},"end":{"line":79,"column":57}}],"line":79},"14":{"loc":{"start":{"line":82,"column":22},"end":{"line":82,"column":45}},"type":"binary-expr","locations":[{"start":{"line":82,"column":22},"end":{"line":82,"column":40}},{"start":{"line":82,"column":44},"end":{"line":82,"column":45}}],"line":82}},"s":{"0":14,"1":14,"2":2,"3":2,"4":2,"5":2,"6":2,"7":2,"8":0,"9":0,"10":2,"11":2,"12":2,"13":2,"14":2,"15":2,"16":2,"17":2,"18":2,"19":2,"20":2,"21":0,"22":0,"23":0,"24":0,"25":0,"26":0,"27":2,"28":2,"29":2,"30":0},"f":{"0":2},"b":{"0":[0,2],"1":[2,2],"2":[2,2],"3":[0,2],"4":[2,0],"5":[0,0],"6":[0,0],"7":[0,0],"8":[2,2],"9":[2,2],"10":[2,2],"11":[2,2],"12":[2,2],"13":[2,2],"14":[2,2]},"inputSourceMap":null,"_coverageSchema":"1a1c01bbd47fc00a2c39e90264f33305004495a9","hash":"a6a2bd8a70d618ef334a1c015ba5378ff279e430"}
,"/Users/kartikeyagrawal/Desktop/nivo/hostelmate/apps/server/src/routes/students.js": {"path":"/Users/kartikeyagrawal/Desktop/nivo/hostelmate/apps/server/src/routes/students.js","statementMap":{"0":{"start":{"line":6,"column":15},"end":{"line":6,"column":23}},"1":{"start":{"line":13,"column":0},"end":{"line":48,"column":2}},"2":{"start":{"line":14,"column":2},"end":{"line":47,"column":3}},"3":{"start":{"line":15,"column":28},"end":{"line":26,"column":47}},"4":{"start":{"line":28,"column":4},"end":{"line":28,"column":26}},"5":{"start":{"line":28,"column":15},"end":{"line":28,"column":26}},"6":{"start":{"line":30,"column":21},"end":{"line":42,"column":7}},"7":{"start":{"line":30,"column":44},"end":{"line":42,"column":5}},"8":{"start":{"line":44,"column":4},"end":{"line":44,"column":75}},"9":{"start":{"line":46,"column":4},"end":{"line":46,"column":15}}},"fnMap":{"0":{"name":"(anonymous_0)","decl":{"start":{"line":13,"column":45},"end":{"line":13,"column":46}},"loc":{"start":{"line":13,"column":71},"end":{"line":48,"column":1}},"line":13},"1":{"name":"(anonymous_1)","decl":{"start":{"line":30,"column":38},"end":{"line":30,"column":39}},"loc":{"start":{"line":30,"column":44},"end":{"line":42,"column":5}},"line":30}},"branchMap":{"0":{"loc":{"start":{"line":28,"column":4},"end":{"line":28,"column":26}},"type":"if","locations":[{"start":{"line":28,"column":4},"end":{"line":28,"column":26}},{"start":{},"end":{}}],"line":28},"1":{"loc":{"start":{"line":30,"column":22},"end":{"line":30,"column":32}},"type":"binary-expr","locations":[{"start":{"line":30,"column":22},"end":{"line":30,"column":26}},{"start":{"line":30,"column":30},"end":{"line":30,"column":32}}],"line":30},"2":{"loc":{"start":{"line":33,"column":17},"end":{"line":33,"column":46}},"type":"binary-expr","locations":[{"start":{"line":33,"column":17},"end":{"line":33,"column":38}},{"start":{"line":33,"column":42},"end":{"line":33,"column":46}}],"line":33},"3":{"loc":{"start":{"line":34,"column":13},"end":{"line":34,"column":38}},"type":"binary-expr","locations":[{"start":{"line":34,"column":13},"end":{"line":34,"column":30}},{"start":{"line":34,"column":34},"end":{"line":34,"column":38}}],"line":34},"4":{"loc":{"start":{"line":35,"column":13},"end":{"line":35,"column":38}},"type":"binary-expr","locations":[{"start":{"line":35,"column":13},"end":{"line":35,"column":30}},{"start":{"line":35,"column":34},"end":{"line":35,"column":38}}],"line":35},"5":{"loc":{"start":{"line":36,"column":18},"end":{"line":36,"column":48}},"type":"binary-expr","locations":[{"start":{"line":36,"column":18},"end":{"line":36,"column":40}},{"start":{"line":36,"column":44},"end":{"line":36,"column":48}}],"line":36},"6":{"loc":{"start":{"line":37,"column":19},"end":{"line":37,"column":47}},"type":"binary-expr","locations":[{"start":{"line":37,"column":19},"end":{"line":37,"column":39}},{"start":{"line":37,"column":43},"end":{"line":37,"column":47}}],"line":37},"7":{"loc":{"start":{"line":38,"column":18},"end":{"line":38,"column":47}},"type":"binary-expr","locations":[{"start":{"line":38,"column":18},"end":{"line":38,"column":39}},{"start":{"line":38,"column":43},"end":{"line":38,"column":47}}],"line":38}},"s":{"0":14,"1":14,"2":1,"3":1,"4":1,"5":0,"6":1,"7":1,"8":1,"9":0},"f":{"0":1,"1":1},"b":{"0":[0,1],"1":[1,0],"2":[1,0],"3":[1,0],"4":[1,1],"5":[1,1],"6":[1,0],"7":[1,0]},"inputSourceMap":null,"_coverageSchema":"1a1c01bbd47fc00a2c39e90264f33305004495a9","hash":"c3edc7101cd673e4f3c2282e02ad29ce2cd65a10"}
}
