TN:
SF:src/config/geofence.js
FN:4,calculateDistance
FN:19,isWithinGeofence
FNF:2
FNH:2
FNDA:8,calculateDistance
FNDA:4,isWithinGeofence
DA:2,14
DA:5,8
DA:6,8
DA:7,8
DA:8,8
DA:9,8
DA:11,8
DA:14,8
DA:16,8
DA:20,4
DA:21,4
LF:11
LH:11
BRDA:19,0,0,0
BRDA:19,1,0,0
BRDA:19,1,1,0
BRDA:19,2,0,0
BRDA:19,3,0,0
BRDA:19,3,1,0
BRDA:19,4,0,3
BRF:7
BRH:1
end_of_record
TN:
SF:src/config/matcher.js
FN:1,extractKeywords
FN:15,(anonymous_1)
FN:16,(anonymous_2)
FN:29,calculateSimilarity
FN:53,findMatches
FN:72,(anonymous_5)
FNF:6
FNH:6
FNDA:21,extractKeywords
FNDA:73,(anonymous_1)
FNDA:54,(anonymous_2)
FNDA:14,calculateSimilarity
FNDA:6,findMatches
FNDA:1,(anonymous_5)
DA:2,21
DA:4,20
DA:11,20
DA:14,20
DA:15,73
DA:17,54
DA:18,54
DA:19,54
DA:20,47
DA:21,47
DA:22,45
DA:26,20
DA:30,14
DA:32,14
DA:33,14
DA:36,14
DA:38,14
DA:39,34
DA:40,85
DA:41,16
DA:42,16
DA:47,14
DA:50,14
DA:54,6
DA:56,6
DA:58,6
DA:60,6
DA:61,15
DA:62,11
DA:63,11
DA:65,11
DA:66,6
DA:72,6
LF:33
LH:33
BRDA:2,0,0,1
BRDA:2,0,1,20
BRDA:15,1,0,73
BRDA:15,1,1,62
BRDA:17,2,0,0
BRDA:17,2,1,54
BRDA:18,3,0,0
BRDA:18,3,1,54
BRDA:19,4,0,7
BRDA:19,4,1,47
BRDA:19,5,0,54
BRDA:19,5,1,11
BRDA:20,6,0,0
BRDA:20,6,1,47
BRDA:21,7,0,2
BRDA:21,7,1,45
BRDA:30,8,0,0
BRDA:30,8,1,14
BRDA:30,9,0,14
BRDA:30,9,1,14
BRDA:40,10,0,16
BRDA:40,10,1,69
BRDA:40,11,0,85
BRDA:40,11,1,70
BRDA:40,11,2,69
BRDA:53,12,0,0
BRDA:56,13,0,6
BRDA:56,13,1,0
BRDA:61,14,0,11
BRDA:61,14,1,4
BRDA:65,15,0,6
BRDA:65,15,1,5
BRF:32
BRH:26
end_of_record
TN:
SF:src/config/validation.js
FN:10,(anonymous_0)
FNF:1
FNH:1
FNDA:7,(anonymous_0)
DA:3,15
DA:10,7
DA:14,15
DA:20,15
DA:26,15
DA:32,15
DA:39,15
DA:45,15
LF:8
LH:8
BRDA:10,0,0,7
BRDA:10,0,1,5
BRDA:10,0,2,5
BRF:3
BRH:3
end_of_record
TN:
SF:src/routes/attendance.js
FN:16,(anonymous_0)
FN:183,(anonymous_1)
FN:202,(anonymous_2)
FN:218,(anonymous_3)
FN:248,(anonymous_4)
FNF:5
FNH:5
FNDA:4,(anonymous_0)
FNDA:2,(anonymous_1)
FNDA:1,(anonymous_2)
FNDA:2,(anonymous_3)
FNDA:1,(anonymous_4)
DA:14,14
DA:16,14
DA:17,4
DA:18,4
DA:19,4
DA:22,4
DA:29,4
DA:30,1
DA:34,3
DA:35,1
DA:48,1
DA:50,1
DA:51,1
DA:52,1
DA:53,1
DA:56,1
DA:57,1
DA:60,1
DA:66,1
DA:69,1
DA:77,1
DA:78,0
DA:80,0
DA:89,1
DA:94,2
DA:95,2
DA:97,1
DA:100,1
DA:101,0
DA:104,1
DA:105,1
DA:106,1
DA:107,0
DA:111,1
DA:112,1
DA:113,1
DA:114,1
DA:115,1
DA:116,0
DA:119,0
DA:122,1
DA:137,1
DA:139,1
DA:140,1
DA:141,1
DA:142,1
DA:145,1
DA:146,1
DA:149,1
DA:155,1
DA:158,1
DA:166,1
DA:167,0
DA:168,0
DA:177,1
DA:179,0
DA:183,14
DA:184,2
DA:185,2
DA:186,2
DA:188,2
DA:189,2
DA:190,1
DA:191,1
DA:193,1
DA:195,1
DA:200,1
DA:202,1
DA:211,1
DA:212,1
DA:214,0
DA:218,14
DA:219,2
DA:220,2
DA:221,2
DA:223,2
DA:224,1
DA:227,1
DA:233,1
DA:234,0
DA:235,0
DA:236,0
DA:239,1
DA:240,1
DA:242,1
DA:244,0
DA:248,14
DA:249,1
DA:250,1
DA:251,1
DA:253,1
DA:254,1
DA:255,0
DA:256,0
DA:258,1
DA:260,1
DA:264,1
DA:270,1
DA:271,1
DA:272,1
DA:273,1
DA:275,1
DA:282,1
DA:283,1
DA:285,0
LF:105
LH:88
BRDA:29,0,0,1
BRDA:29,0,1,3
BRDA:34,1,0,1
BRDA:34,1,1,2
BRDA:48,2,0,0
BRDA:48,2,1,1
BRDA:66,3,0,1
BRDA:66,3,1,1
BRDA:77,4,0,0
BRDA:77,4,1,1
BRDA:95,5,0,2
BRDA:95,5,1,0
BRDA:100,6,0,0
BRDA:100,6,1,1
BRDA:100,7,0,1
BRDA:100,7,1,1
BRDA:104,8,0,1
BRDA:104,8,1,0
BRDA:106,9,0,0
BRDA:106,9,1,1
BRDA:111,10,0,1
BRDA:111,10,1,0
BRDA:111,11,0,1
BRDA:111,11,1,1
BRDA:112,12,0,1
BRDA:112,12,1,0
BRDA:113,13,0,1
BRDA:113,13,1,0
BRDA:115,14,0,0
BRDA:115,14,1,1
BRDA:132,15,0,1
BRDA:132,15,1,0
BRDA:137,16,0,0
BRDA:137,16,1,1
BRDA:155,17,0,1
BRDA:155,17,1,1
BRDA:166,18,0,0
BRDA:166,18,1,1
BRDA:189,19,0,1
BRDA:189,19,1,1
BRDA:200,20,0,0
BRDA:200,20,1,1
BRDA:208,21,0,1
BRDA:208,21,1,1
BRDA:223,22,0,1
BRDA:223,22,1,1
BRDA:223,23,0,2
BRDA:223,23,1,2
BRDA:233,24,0,0
BRDA:233,24,1,1
BRDA:240,25,0,0
BRDA:240,25,1,1
BRDA:254,26,0,0
BRDA:254,26,1,1
BRDA:270,27,0,1
BRDA:270,27,1,0
BRDA:271,28,0,1
BRDA:271,28,1,0
BRDA:273,29,0,1
BRDA:273,29,1,0
BRF:60
BRH:40
end_of_record
TN:
SF:src/routes/audit.js
FN:8,(anonymous_0)
FNF:1
FNH:1
FNDA:2,(anonymous_0)
DA:6,14
DA:8,14
DA:9,2
DA:10,2
DA:12,2
DA:21,2
DA:22,1
DA:25,2
DA:26,1
DA:29,2
DA:31,2
DA:33,2
DA:35,0
LF:13
LH:12
BRDA:10,0,0,2
BRDA:21,1,0,1
BRDA:21,1,1,1
BRDA:25,2,0,1
BRDA:25,2,1,1
BRDA:31,3,0,0
BRDA:31,3,1,2
BRF:7
BRH:6
end_of_record
TN:
SF:src/routes/complaints.js
FN:16,(anonymous_0)
FN:79,(anonymous_1)
FN:95,(anonymous_2)
FN:125,(anonymous_3)
FN:165,(anonymous_4)
FN:192,(anonymous_5)
FN:205,(anonymous_6)
FN:223,(anonymous_7)
FNF:8
FNH:5
FNDA:4,(anonymous_0)
FNDA:1,(anonymous_1)
FNDA:2,(anonymous_2)
FNDA:3,(anonymous_3)
FNDA:0,(anonymous_4)
FNDA:0,(anonymous_5)
FNDA:1,(anonymous_6)
FNDA:0,(anonymous_7)
DA:14,14
DA:16,14
DA:17,4
DA:18,4
DA:21,4
DA:22,4
DA:23,4
DA:24,4
DA:25,4
DA:27,4
DA:28,4
DA:29,3
DA:31,3
DA:32,3
DA:33,3
DA:34,3
DA:35,3
DA:39,1
DA:42,4
DA:58,4
DA:60,4
DA:61,4
DA:63,4
DA:75,0
DA:79,14
DA:80,1
DA:81,1
DA:87,1
DA:89,1
DA:91,0
DA:95,14
DA:96,2
DA:97,2
DA:99,2
DA:111,2
DA:112,1
DA:115,2
DA:117,2
DA:119,2
DA:121,0
DA:125,14
DA:126,3
DA:127,3
DA:128,3
DA:130,3
DA:131,1
DA:134,2
DA:136,2
DA:137,1
DA:138,1
DA:141,2
DA:148,2
DA:150,2
DA:151,2
DA:153,2
DA:154,1
DA:156,2
DA:158,2
DA:159,2
DA:161,0
DA:165,14
DA:166,0
DA:167,0
DA:168,0
DA:169,0
DA:170,0
DA:173,0
DA:174,0
DA:176,0
DA:181,0
DA:183,0
DA:184,0
DA:185,0
DA:188,0
DA:193,0
DA:194,0
DA:198,0
DA:199,0
DA:201,0
DA:205,14
DA:206,1
DA:207,1
DA:211,1
DA:213,1
DA:220,1
DA:221,1
DA:223,1
DA:224,0
DA:225,0
DA:226,0
DA:228,0
DA:229,0
DA:230,0
DA:231,0
DA:232,0
DA:233,0
DA:237,1
DA:238,0
DA:241,1
DA:243,0
LF:100
LH:67
BRDA:23,0,0,4
BRDA:23,0,1,4
BRDA:29,1,0,3
BRDA:29,1,1,0
BRDA:29,2,0,3
BRDA:29,2,1,3
BRDA:52,3,0,4
BRDA:52,3,1,1
BRDA:58,4,0,0
BRDA:58,4,1,4
BRDA:66,5,0,3
BRDA:66,5,1,1
BRDA:87,6,0,0
BRDA:87,6,1,1
BRDA:111,7,0,1
BRDA:111,7,1,1
BRDA:117,8,0,0
BRDA:117,8,1,2
BRDA:130,9,0,1
BRDA:130,9,1,2
BRDA:130,10,0,3
BRDA:130,10,1,3
BRDA:136,11,0,1
BRDA:136,11,1,1
BRDA:148,12,0,0
BRDA:148,12,1,2
BRDA:153,13,0,1
BRDA:153,13,1,1
BRDA:169,14,0,0
BRDA:169,14,1,0
BRDA:181,15,0,0
BRDA:181,15,1,0
BRDA:184,16,0,0
BRDA:184,16,1,0
BRDA:193,17,0,0
BRDA:193,17,1,0
BRDA:211,18,0,0
BRDA:211,18,1,1
BRDA:224,19,0,0
BRDA:224,19,1,0
BRDA:225,20,0,0
BRDA:225,20,1,0
BRDA:226,21,0,0
BRDA:226,21,1,0
BRDA:228,22,0,0
BRDA:228,22,1,0
BRDA:228,23,0,0
BRDA:228,23,1,0
BRDA:237,24,0,0
BRDA:237,24,1,1
BRF:50
BRH:25
end_of_record
TN:
SF:src/routes/curfew.js
FN:10,(anonymous_0)
FN:47,(anonymous_1)
FN:50,(anonymous_2)
FN:51,(anonymous_3)
FN:65,(anonymous_4)
FN:100,(anonymous_5)
FN:116,(anonymous_6)
FNF:7
FNH:7
FNDA:2,(anonymous_0)
FNDA:1,(anonymous_1)
FNDA:2,(anonymous_2)
FNDA:1,(anonymous_3)
FNDA:2,(anonymous_4)
FNDA:2,(anonymous_5)
FNDA:1,(anonymous_6)
DA:8,14
DA:10,14
DA:11,2
DA:12,2
DA:14,2
DA:15,2
DA:16,2
DA:17,2
DA:22,2
DA:23,0
DA:26,2
DA:27,2
DA:29,2
DA:30,1
DA:33,1
DA:37,1
DA:39,1
DA:45,1
DA:47,1
DA:49,1
DA:50,2
DA:51,1
DA:59,1
DA:61,0
DA:65,14
DA:66,2
DA:67,2
DA:69,2
DA:70,1
DA:73,1
DA:75,1
DA:76,1
DA:82,1
DA:84,1
DA:91,1
DA:94,1
DA:96,0
DA:100,14
DA:101,2
DA:102,2
DA:103,2
DA:104,2
DA:105,2
DA:110,2
DA:112,0
DA:116,14
DA:117,1
DA:118,1
DA:120,1
DA:125,1
DA:127,1
DA:129,0
LF:52
LH:47
BRDA:17,0,0,2
BRDA:17,0,1,0
BRDA:22,1,0,0
BRDA:22,1,1,2
BRDA:29,2,0,1
BRDA:29,2,1,1
BRDA:37,3,0,0
BRDA:37,3,1,1
BRDA:45,4,0,0
BRDA:45,4,1,1
BRDA:69,5,0,1
BRDA:69,5,1,1
BRDA:82,6,0,1
BRDA:82,6,1,0
BRDA:105,7,0,1
BRDA:105,7,1,1
BRDA:121,8,0,1
BRDA:121,8,1,0
BRDA:122,9,0,1
BRDA:122,9,1,0
BRF:20
BRH:13
end_of_record
TN:
SF:src/routes/leaves.js
FN:15,(anonymous_0)
FN:51,(anonymous_1)
FN:67,(anonymous_2)
FN:90,(anonymous_3)
FN:118,(anonymous_4)
FNF:5
FNH:5
FNDA:3,(anonymous_0)
FNDA:2,(anonymous_1)
FNDA:1,(anonymous_2)
FNDA:2,(anonymous_3)
FNDA:1,(anonymous_4)
DA:13,14
DA:15,14
DA:16,3
DA:17,3
DA:19,3
DA:21,3
DA:22,1
DA:25,2
DA:26,1
DA:29,1
DA:41,1
DA:43,1
DA:44,1
DA:45,1
DA:47,0
DA:51,14
DA:52,2
DA:53,2
DA:59,2
DA:61,2
DA:63,0
DA:67,14
DA:68,1
DA:69,1
DA:82,1
DA:84,1
DA:86,0
DA:90,14
DA:91,2
DA:92,2
DA:94,2
DA:101,2
DA:102,2
DA:104,1
DA:106,1
DA:107,1
DA:108,1
DA:109,1
DA:111,1
DA:112,1
DA:114,0
DA:118,14
DA:119,1
DA:120,1
DA:122,1
DA:129,1
DA:130,1
DA:132,1
DA:134,1
DA:135,1
DA:136,1
DA:137,1
DA:139,1
DA:140,1
DA:142,0
LF:55
LH:50
BRDA:21,0,0,1
BRDA:21,0,1,2
BRDA:25,1,0,1
BRDA:25,1,1,1
BRDA:41,2,0,0
BRDA:41,2,1,1
BRDA:59,3,0,0
BRDA:59,3,1,2
BRDA:82,4,0,0
BRDA:82,4,1,1
BRDA:101,5,0,0
BRDA:101,5,1,2
BRDA:102,6,0,1
BRDA:102,6,1,1
BRDA:129,7,0,0
BRDA:129,7,1,1
BRDA:130,8,0,0
BRDA:130,8,1,1
BRF:18
BRH:12
end_of_record
TN:
SF:src/routes/lost-found.js
FN:14,(anonymous_0)
FN:81,(anonymous_1)
FN:126,(anonymous_2)
FNF:3
FNH:3
FNDA:4,(anonymous_0)
FNDA:2,(anonymous_1)
FNDA:1,(anonymous_2)
DA:12,14
DA:14,14
DA:15,4
DA:16,4
DA:18,4
DA:31,4
DA:33,4
DA:35,4
DA:36,4
DA:37,4
DA:43,4
DA:44,2
DA:46,2
DA:47,2
DA:48,2
DA:50,2
DA:58,2
DA:59,2
DA:71,0
DA:74,2
DA:75,2
DA:77,0
DA:81,14
DA:82,2
DA:83,2
DA:85,2
DA:86,1
DA:87,1
DA:88,1
DA:89,0
DA:90,0
DA:92,1
DA:95,2
DA:108,2
DA:109,1
DA:112,2
DA:114,2
DA:116,2
DA:117,1
DA:120,2
DA:122,0
DA:126,14
DA:127,1
DA:128,1
DA:130,1
DA:137,1
DA:139,1
DA:140,1
DA:141,1
DA:143,0
LF:50
LH:44
BRDA:25,0,0,4
BRDA:25,0,1,0
BRDA:31,1,0,0
BRDA:31,1,1,4
BRDA:36,2,0,3
BRDA:36,2,1,1
BRDA:43,3,0,2
BRDA:43,3,1,2
BRDA:43,4,0,4
BRDA:43,4,1,4
BRDA:46,5,0,2
BRDA:46,5,1,0
BRDA:85,6,0,1
BRDA:85,6,1,1
BRDA:88,7,0,0
BRDA:88,7,1,1
BRDA:108,8,0,1
BRDA:108,8,1,1
BRDA:114,9,0,0
BRDA:114,9,1,2
BRDA:116,10,0,1
BRDA:116,10,1,1
BRDA:137,11,0,0
BRDA:137,11,1,1
BRF:24
BRH:18
end_of_record
TN:
SF:src/routes/mess.js
FN:12,(anonymous_0)
FN:36,(anonymous_1)
FN:62,(anonymous_2)
FN:94,(anonymous_3)
FN:120,(anonymous_4)
FN:129,(anonymous_5)
FNF:6
FNH:4
FNDA:2,(anonymous_0)
FNDA:1,(anonymous_1)
FNDA:1,(anonymous_2)
FNDA:1,(anonymous_3)
FNDA:0,(anonymous_4)
FNDA:0,(anonymous_5)
DA:10,14
DA:12,14
DA:13,2
DA:14,2
DA:15,2
DA:16,2
DA:17,1
DA:18,1
DA:20,1
DA:22,1
DA:27,1
DA:29,1
DA:30,1
DA:32,0
DA:36,14
DA:37,1
DA:38,1
DA:40,1
DA:49,1
DA:51,1
DA:53,1
DA:54,1
DA:56,1
DA:58,0
DA:62,14
DA:63,1
DA:64,1
DA:66,1
DA:81,1
DA:83,1
DA:85,1
DA:86,1
DA:88,1
DA:90,0
DA:94,14
DA:95,1
DA:96,1
DA:97,1
DA:98,1
DA:99,0
DA:100,0
DA:102,1
DA:104,1
DA:117,1
DA:120,1
DA:121,0
DA:122,0
DA:124,0
DA:125,0
DA:126,0
DA:129,1
DA:130,0
DA:133,1
DA:134,1
DA:135,1
DA:137,0
LF:56
LH:44
BRDA:16,0,0,1
BRDA:16,0,1,1
BRDA:27,1,0,0
BRDA:27,1,1,1
BRDA:49,2,0,0
BRDA:49,2,1,1
BRDA:81,3,0,0
BRDA:81,3,1,1
BRDA:98,4,0,0
BRDA:98,4,1,1
BRDA:117,5,0,0
BRDA:117,5,1,1
BRDA:121,6,0,0
BRDA:121,6,1,0
BRF:14
BRH:7
end_of_record
TN:
SF:src/routes/notices.js
FN:15,(anonymous_0)
FN:66,(anonymous_1)
FNF:2
FNH:2
FNDA:1,(anonymous_0)
FNDA:3,(anonymous_1)
DA:13,14
DA:15,14
DA:16,1
DA:17,1
DA:19,1
DA:30,1
DA:32,1
DA:33,1
DA:35,1
DA:36,1
DA:37,0
DA:38,0
DA:40,1
DA:41,1
DA:46,1
DA:47,0
DA:48,0
DA:53,1
DA:54,1
DA:55,1
DA:56,1
DA:58,1
DA:60,1
DA:62,0
DA:66,14
DA:67,3
DA:68,3
DA:69,3
DA:71,3
DA:72,3
DA:73,0
DA:74,0
DA:76,3
DA:78,3
DA:82,3
DA:83,1
DA:84,2
DA:85,1
DA:88,3
DA:90,3
DA:92,3
DA:93,3
DA:95,0
LF:43
LH:35
BRDA:30,0,0,0
BRDA:30,0,1,1
BRDA:36,1,0,1
BRDA:36,1,1,0
BRDA:37,2,0,0
BRDA:37,2,1,0
BRDA:38,3,0,0
BRDA:38,3,1,0
BRDA:40,4,0,1
BRDA:40,4,1,0
BRDA:46,5,0,0
BRDA:46,5,1,1
BRDA:72,6,0,0
BRDA:72,6,1,3
BRDA:82,7,0,1
BRDA:82,7,1,2
BRDA:84,8,0,1
BRDA:84,8,1,1
BRDA:90,9,0,0
BRDA:90,9,1,3
BRF:20
BRH:10
end_of_record
TN:
SF:src/routes/notifications.js
FN:7,(anonymous_0)
FN:22,(anonymous_1)
FN:30,(anonymous_2)
FN:48,(anonymous_3)
FN:68,(anonymous_4)
FNF:5
FNH:5
FNDA:4,(anonymous_0)
FNDA:1,(anonymous_1)
FNDA:3,(anonymous_2)
FNDA:3,(anonymous_3)
FNDA:3,(anonymous_4)
DA:5,14
DA:7,14
DA:8,4
DA:9,4
DA:16,3
DA:18,1
DA:21,2
DA:22,2
DA:24,2
DA:26,1
DA:30,14
DA:31,3
DA:32,3
DA:38,2
DA:39,1
DA:42,1
DA:44,1
DA:48,14
DA:49,3
DA:50,3
DA:52,3
DA:58,2
DA:59,1
DA:62,1
DA:64,1
DA:68,14
DA:69,3
DA:70,3
DA:72,3
DA:78,2
DA:79,1
DA:81,1
LF:32
LH:32
BRDA:16,0,0,1
BRDA:16,0,1,2
BRDA:21,1,0,2
BRDA:21,1,1,0
BRDA:38,2,0,1
BRDA:38,2,1,1
BRDA:58,3,0,1
BRDA:58,3,1,1
BRDA:78,4,0,1
BRDA:78,4,1,1
BRF:10
BRH:9
end_of_record
TN:
SF:src/routes/parent.js
FN:13,(anonymous_0)
FNF:1
FNH:1
FNDA:2,(anonymous_0)
DA:6,14
DA:13,14
DA:14,2
DA:16,2
DA:22,2
DA:23,1
DA:26,1
DA:29,1
DA:35,1
DA:38,1
DA:45,1
DA:46,1
DA:54,1
DA:55,1
DA:62,1
DA:81,0
LF:16
LH:15
BRDA:22,0,0,1
BRDA:22,0,1,1
BRDA:22,1,0,2
BRDA:22,1,1,1
BRDA:35,2,0,0
BRDA:35,2,1,1
BRDA:67,3,0,1
BRDA:67,3,1,0
BRDA:68,4,0,1
BRDA:68,4,1,1
BRDA:69,5,0,1
BRDA:69,5,1,1
BRDA:70,6,0,1
BRDA:70,6,1,1
BRDA:71,7,0,1
BRDA:71,7,1,0
BRDA:72,8,0,1
BRDA:72,8,1,1
BRDA:73,9,0,1
BRDA:73,9,1,1
BRDA:75,10,0,1
BRDA:75,10,1,0
BRDA:76,11,0,1
BRDA:76,11,1,0
BRF:24
BRH:19
end_of_record
TN:
SF:src/routes/rooms.js
FN:11,(anonymous_0)
FN:36,(anonymous_1)
FN:52,(anonymous_2)
FN:68,(anonymous_3)
FN:69,(anonymous_4)
FN:77,(anonymous_5)
FN:85,(anonymous_6)
FN:105,(anonymous_7)
FN:106,(anonymous_8)
FN:112,(anonymous_9)
FN:127,(anonymous_10)
FN:175,(anonymous_11)
FN:184,(anonymous_12)
FN:196,(anonymous_13)
FN:244,(anonymous_14)
FN:275,(anonymous_15)
FN:298,(anonymous_16)
FN:340,(anonymous_17)
FNF:18
FNH:18
FNDA:1,(anonymous_0)
FNDA:1,(anonymous_1)
FNDA:1,(anonymous_2)
FNDA:1,(anonymous_3)
FNDA:1,(anonymous_4)
FNDA:1,(anonymous_5)
FNDA:1,(anonymous_6)
FNDA:1,(anonymous_7)
FNDA:1,(anonymous_8)
FNDA:1,(anonymous_9)
FNDA:1,(anonymous_10)
FNDA:1,(anonymous_11)
FNDA:1,(anonymous_12)
FNDA:2,(anonymous_13)
FNDA:1,(anonymous_14)
FNDA:1,(anonymous_15)
FNDA:1,(anonymous_16)
FNDA:1,(anonymous_17)
DA:9,14
DA:11,14
DA:12,1
DA:13,1
DA:26,1
DA:28,1
DA:29,1
DA:30,1
DA:36,1
DA:40,1
DA:46,1
DA:48,0
DA:52,14
DA:53,1
DA:54,1
DA:59,1
DA:61,1
DA:66,1
DA:68,1
DA:69,1
DA:70,1
DA:77,1
DA:79,1
DA:81,0
DA:85,14
DA:86,1
DA:87,1
DA:96,1
DA:98,1
DA:103,1
DA:105,1
DA:106,1
DA:107,1
DA:112,1
DA:121,1
DA:123,0
DA:127,14
DA:128,1
DA:129,1
DA:132,1
DA:133,1
DA:139,1
DA:141,1
DA:142,1
DA:144,0
DA:150,0
DA:151,0
DA:155,1
DA:165,1
DA:167,1
DA:169,1
DA:171,0
DA:175,14
DA:176,1
DA:177,1
DA:182,1
DA:184,1
DA:190,1
DA:192,0
DA:196,14
DA:197,2
DA:198,2
DA:200,2
DA:206,2
DA:208,2
DA:213,2
DA:215,2
DA:216,1
DA:219,1
DA:225,1
DA:227,1
DA:228,1
DA:236,1
DA:238,1
DA:240,0
DA:244,14
DA:245,1
DA:246,1
DA:248,1
DA:254,1
DA:256,1
DA:267,1
DA:269,1
DA:271,0
DA:275,14
DA:276,1
DA:277,1
DA:290,1
DA:292,1
DA:294,0
DA:298,14
DA:299,1
DA:300,1
DA:302,1
DA:308,1
DA:310,1
DA:316,1
DA:318,1
DA:324,1
DA:326,1
DA:334,1
DA:336,0
DA:340,14
DA:341,1
DA:342,1
DA:344,1
DA:351,1
DA:353,1
DA:361,1
DA:363,0
LF:110
LH:97
BRDA:26,0,0,0
BRDA:26,0,1,1
BRDA:29,1,0,1
BRDA:29,1,1,0
BRDA:36,2,0,1
BRDA:36,2,1,0
BRDA:40,3,0,1
BRDA:40,3,1,0
BRDA:43,4,0,1
BRDA:43,4,1,0
BRDA:59,5,0,0
BRDA:59,5,1,1
BRDA:66,6,0,0
BRDA:66,6,1,1
BRDA:73,7,0,1
BRDA:73,7,1,0
BRDA:96,8,0,0
BRDA:96,8,1,1
BRDA:103,9,0,0
BRDA:103,9,1,1
BRDA:110,10,0,1
BRDA:110,10,1,0
BRDA:139,11,0,0
BRDA:139,11,1,1
BRDA:141,12,0,1
BRDA:141,12,1,0
BRDA:141,13,0,1
BRDA:141,13,1,1
BRDA:150,14,0,0
BRDA:150,14,1,0
BRDA:165,15,0,0
BRDA:165,15,1,1
BRDA:182,16,0,0
BRDA:182,16,1,1
BRDA:187,17,0,1
BRDA:187,17,1,0
BRDA:206,18,0,0
BRDA:206,18,1,2
BRDA:213,19,0,0
BRDA:213,19,1,2
BRDA:215,20,0,1
BRDA:215,20,1,1
BRDA:225,21,0,0
BRDA:225,21,1,1
BRDA:227,22,0,1
BRDA:227,22,1,1
BRDA:254,23,0,0
BRDA:254,23,1,1
BRDA:267,24,0,0
BRDA:267,24,1,1
BRDA:290,25,0,0
BRDA:290,25,1,1
BRDA:308,26,0,0
BRDA:308,26,1,1
BRDA:316,27,0,0
BRDA:316,27,1,1
BRDA:324,28,0,0
BRDA:324,28,1,1
BRDA:351,29,0,0
BRDA:351,29,1,1
BRF:60
BRH:32
end_of_record
TN:
SF:src/routes/staff-feedback.js
FN:18,(anonymous_0)
FN:35,(anonymous_1)
FN:36,(anonymous_2)
FN:39,(anonymous_3)
FN:41,(anonymous_4)
FN:61,(anonymous_5)
FN:82,(anonymous_6)
FN:99,(anonymous_7)
FNF:8
FNH:8
FNDA:1,(anonymous_0)
FNDA:1,(anonymous_1)
FNDA:1,(anonymous_2)
FNDA:1,(anonymous_3)
FNDA:1,(anonymous_4)
FNDA:1,(anonymous_5)
FNDA:1,(anonymous_6)
FNDA:2,(anonymous_7)
DA:9,14
DA:11,14
DA:18,14
DA:19,1
DA:20,1
DA:24,1
DA:26,1
DA:30,1
DA:32,1
DA:33,1
DA:35,1
DA:36,1
DA:37,1
DA:38,1
DA:39,1
DA:41,1
DA:42,1
DA:43,1
DA:46,1
DA:54,1
DA:56,0
DA:61,14
DA:62,1
DA:63,1
DA:65,1
DA:78,1
DA:80,1
DA:81,1
DA:82,1
DA:85,1
DA:94,0
DA:99,14
DA:100,2
DA:101,2
DA:102,2
DA:105,2
DA:111,2
DA:112,0
DA:116,2
DA:117,2
DA:125,2
DA:127,2
DA:128,1
DA:132,1
DA:143,1
DA:145,1
DA:146,1
DA:148,0
LF:48
LH:44
BRDA:24,0,0,0
BRDA:24,0,1,1
BRDA:30,1,0,0
BRDA:30,1,1,1
BRDA:38,2,0,1
BRDA:38,2,1,0
BRDA:43,3,0,1
BRDA:43,3,1,1
BRDA:78,4,0,0
BRDA:78,4,1,1
BRDA:81,5,0,1
BRDA:81,5,1,0
BRDA:111,6,0,0
BRDA:111,6,1,2
BRDA:111,7,0,2
BRDA:111,7,1,2
BRDA:125,8,0,0
BRDA:125,8,1,2
BRDA:127,9,0,1
BRDA:127,9,1,1
BRDA:127,10,0,2
BRDA:127,10,1,2
BRDA:143,11,0,0
BRDA:143,11,1,1
BRF:24
BRH:16
end_of_record
TN:
SF:src/routes/stats.js
FN:10,(anonymous_0)
FNF:1
FNH:1
FNDA:2,(anonymous_0)
DA:8,14
DA:10,14
DA:11,2
DA:12,2
DA:13,2
DA:15,2
DA:16,2
DA:17,2
DA:18,0
DA:19,0
DA:21,2
DA:35,2
DA:48,2
DA:49,2
DA:50,2
DA:51,2
DA:53,2
DA:54,2
DA:55,2
DA:57,2
DA:58,2
DA:59,0
DA:60,0
DA:61,0
DA:65,2
DA:91,2
DA:92,2
DA:97,0
LF:28
LH:22
BRDA:17,0,0,0
BRDA:17,0,1,2
BRDA:48,1,0,2
BRDA:48,1,1,2
BRDA:49,2,0,2
BRDA:49,2,1,2
BRDA:51,3,0,0
BRDA:51,3,1,2
BRDA:57,4,0,2
BRDA:57,4,1,0
BRDA:59,5,0,0
BRDA:59,5,1,0
BRDA:60,6,0,0
BRDA:60,6,1,0
BRDA:61,7,0,0
BRDA:61,7,1,0
BRDA:72,8,0,2
BRDA:72,8,1,2
BRDA:73,9,0,2
BRDA:73,9,1,2
BRDA:74,10,0,2
BRDA:74,10,1,2
BRDA:77,11,0,2
BRDA:77,11,1,2
BRDA:78,12,0,2
BRDA:78,12,1,2
BRDA:79,13,0,2
BRDA:79,13,1,2
BRDA:82,14,0,2
BRDA:82,14,1,2
BRF:30
BRH:21
end_of_record
TN:
SF:src/routes/students.js
FN:13,(anonymous_0)
FN:30,(anonymous_1)
FNF:2
FNH:2
FNDA:1,(anonymous_0)
FNDA:1,(anonymous_1)
DA:6,14
DA:13,14
DA:14,1
DA:15,1
DA:28,1
DA:30,1
DA:44,1
DA:46,0
LF:8
LH:7
BRDA:28,0,0,0
BRDA:28,0,1,1
BRDA:30,1,0,1
BRDA:30,1,1,0
BRDA:33,2,0,1
BRDA:33,2,1,0
BRDA:34,3,0,1
BRDA:34,3,1,0
BRDA:35,4,0,1
BRDA:35,4,1,1
BRDA:36,5,0,1
BRDA:36,5,1,1
BRDA:37,6,0,1
BRDA:37,6,1,0
BRDA:38,7,0,1
BRDA:38,7,1,0
BRF:16
BRH:10
end_of_record
